2023-09-28 13:49:26 root ERROR
INFO:Cannot parsing the proposal by link: https://www.otpusk.ua/hotel/51046-Monna_Roza_Hotel/1082779430250406/#/!/0/115/0/8.10.2023%C2%B13/1-3/2/!/0/1/!/!/2500-375000/!/!/!/!//uah/!/!/!/!/!/!/5/price
Message: no such window: target window already closed
from unknown error: web view not found
  (Session info: chrome=117.0.5938.92)
Stacktrace:
	GetHandleVerifier [0x00007FF63DEE7892+54818]
	(No symbol) [0x00007FF63DE56AC2]
	(No symbol) [0x00007FF63DD0DA3B]
	(No symbol) [0x00007FF63DCEDEE8]
	(No symbol) [0x00007FF63DD73237]
	(No symbol) [0x00007FF63DD86C6F]
	(No symbol) [0x00007FF63DD6E883]
	(No symbol) [0x00007FF63DD43691]
	(No symbol) [0x00007FF63DD448D4]
	GetHandleVerifier [0x00007FF63E24B992+3610402]
	GetHandleVerifier [0x00007FF63E2A1860+3962352]
	GetHandleVerifier [0x00007FF63E299D4F+3930847]
	GetHandleVerifier [0x00007FF63DF83646+693206]
	(No symbol) [0x00007FF63DE61628]
	(No symbol) [0x00007FF63DE5D934]
	(No symbol) [0x00007FF63DE5DA62]
	(No symbol) [0x00007FF63DE4E113]
	BaseThreadInitThunk [0x00007FFFCEB8257D+29]
	RtlUserThreadStart [0x00007FFFCFECAA68+40]
 
2023-09-28 13:49:26 root ERROR
INFO:Cannot parsing the proposal by link: https://www.otpusk.ua/hotel/51046-Monna_Roza_Hotel/3722772480326496/#/!/0/115/0/8.10.2023%C2%B13/1-3/2/!/0/1/!/!/2500-375000/!/!/!/!//uah/!/!/!/!/!/!/5/price
Message: no such window: target window already closed
from unknown error: web view not found
  (Session info: chrome=117.0.5938.92)
Stacktrace:
	GetHandleVerifier [0x00007FF63DEE7892+54818]
	(No symbol) [0x00007FF63DE56AC2]
	(No symbol) [0x00007FF63DD0DA3B]
	(No symbol) [0x00007FF63DCEDEE8]
	(No symbol) [0x00007FF63DD73237]
	(No symbol) [0x00007FF63DD86C6F]
	(No symbol) [0x00007FF63DD6E883]
	(No symbol) [0x00007FF63DD43691]
	(No symbol) [0x00007FF63DD448D4]
	GetHandleVerifier [0x00007FF63E24B992+3610402]
	GetHandleVerifier [0x00007FF63E2A1860+3962352]
	GetHandleVerifier [0x00007FF63E299D4F+3930847]
	GetHandleVerifier [0x00007FF63DF83646+693206]
	(No symbol) [0x00007FF63DE61628]
	(No symbol) [0x00007FF63DE5D934]
	(No symbol) [0x00007FF63DE5DA62]
	(No symbol) [0x00007FF63DE4E113]
	BaseThreadInitThunk [0x00007FFFCEB8257D+29]
	RtlUserThreadStart [0x00007FFFCFECAA68+40]
 
2023-09-28 13:49:26 root ERROR
INFO:Cannot parsing the proposal by link: https://www.otpusk.ua/hotel/82083-Kemer_Star_Hotel/3852832700241109/#/!/0/115/0/8.10.2023%C2%B13/1-3/2/!/0/1/!/!/2500-375000/!/!/!/!//uah/!/!/!/!/!/!/5/price
Message: no such window: target window already closed
from unknown error: web view not found
  (Session info: chrome=117.0.5938.92)
Stacktrace:
	GetHandleVerifier [0x00007FF63DEE7892+54818]
	(No symbol) [0x00007FF63DE56AC2]
	(No symbol) [0x00007FF63DD0DA3B]
	(No symbol) [0x00007FF63DCEDEE8]
	(No symbol) [0x00007FF63DD73237]
	(No symbol) [0x00007FF63DD86C6F]
	(No symbol) [0x00007FF63DD6E883]
	(No symbol) [0x00007FF63DD43691]
	(No symbol) [0x00007FF63DD448D4]
	GetHandleVerifier [0x00007FF63E24B992+3610402]
	GetHandleVerifier [0x00007FF63E2A1860+3962352]
	GetHandleVerifier [0x00007FF63E299D4F+3930847]
	GetHandleVerifier [0x00007FF63DF83646+693206]
	(No symbol) [0x00007FF63DE61628]
	(No symbol) [0x00007FF63DE5D934]
	(No symbol) [0x00007FF63DE5DA62]
	(No symbol) [0x00007FF63DE4E113]
	BaseThreadInitThunk [0x00007FFFCEB8257D+29]
	RtlUserThreadStart [0x00007FFFCFECAA68+40]
 
2023-09-28 13:49:26 root ERROR
INFO:Cannot parsing the proposal by link: https://www.otpusk.ua/hotel/82083-Kemer_Star_Hotel/3852832700241109/#/!/0/115/0/8.10.2023%C2%B13/1-3/2/!/0/1/!/!/2500-375000/!/!/!/!//uah/!/!/!/!/!/!/5/price
Message: no such window: target window already closed
from unknown error: web view not found
  (Session info: chrome=117.0.5938.92)
Stacktrace:
	GetHandleVerifier [0x00007FF63DEE7892+54818]
	(No symbol) [0x00007FF63DE56AC2]
	(No symbol) [0x00007FF63DD0DA3B]
	(No symbol) [0x00007FF63DCEDEE8]
	(No symbol) [0x00007FF63DD73237]
	(No symbol) [0x00007FF63DD86C6F]
	(No symbol) [0x00007FF63DD6E883]
	(No symbol) [0x00007FF63DD43691]
	(No symbol) [0x00007FF63DD448D4]
	GetHandleVerifier [0x00007FF63E24B992+3610402]
	GetHandleVerifier [0x00007FF63E2A1860+3962352]
	GetHandleVerifier [0x00007FF63E299D4F+3930847]
	GetHandleVerifier [0x00007FF63DF83646+693206]
	(No symbol) [0x00007FF63DE61628]
	(No symbol) [0x00007FF63DE5D934]
	(No symbol) [0x00007FF63DE5DA62]
	(No symbol) [0x00007FF63DE4E113]
	BaseThreadInitThunk [0x00007FFFCEB8257D+29]
	RtlUserThreadStart [0x00007FFFCFECAA68+40]
 
2023-09-28 13:49:26 root ERROR
INFO:Cannot parsing the proposal by link: https://www.otpusk.ua/hotel/82083-Kemer_Star_Hotel/3852832700241109/#/!/0/115/0/8.10.2023%C2%B13/1-3/2/!/0/1/!/!/2500-375000/!/!/!/!//uah/!/!/!/!/!/!/5/price
Message: no such window: target window already closed
from unknown error: web view not found
  (Session info: chrome=117.0.5938.92)
Stacktrace:
	GetHandleVerifier [0x00007FF63DEE7892+54818]
	(No symbol) [0x00007FF63DE56AC2]
	(No symbol) [0x00007FF63DD0DA3B]
	(No symbol) [0x00007FF63DCEDEE8]
	(No symbol) [0x00007FF63DD73237]
	(No symbol) [0x00007FF63DD86C6F]
	(No symbol) [0x00007FF63DD6E883]
	(No symbol) [0x00007FF63DD43691]
	(No symbol) [0x00007FF63DD448D4]
	GetHandleVerifier [0x00007FF63E24B992+3610402]
	GetHandleVerifier [0x00007FF63E2A1860+3962352]
	GetHandleVerifier [0x00007FF63E299D4F+3930847]
	GetHandleVerifier [0x00007FF63DF83646+693206]
	(No symbol) [0x00007FF63DE61628]
	(No symbol) [0x00007FF63DE5D934]
	(No symbol) [0x00007FF63DE5DA62]
	(No symbol) [0x00007FF63DE4E113]
	BaseThreadInitThunk [0x00007FFFCEB8257D+29]
	RtlUserThreadStart [0x00007FFFCFECAA68+40]
 
2023-09-28 13:49:26 root ERROR
INFO:Cannot parsing the proposal by link: https://www.otpusk.ua/hotel/82083-Kemer_Star_Hotel/2122836130464148/#/!/0/115/0/8.10.2023%C2%B13/1-3/2/!/0/1/!/!/2500-375000/!/!/!/!//uah/!/!/!/!/!/!/5/price
Message: no such window: target window already closed
from unknown error: web view not found
  (Session info: chrome=117.0.5938.92)
Stacktrace:
	GetHandleVerifier [0x00007FF63DEE7892+54818]
	(No symbol) [0x00007FF63DE56AC2]
	(No symbol) [0x00007FF63DD0DA3B]
	(No symbol) [0x00007FF63DCEDEE8]
	(No symbol) [0x00007FF63DD73237]
	(No symbol) [0x00007FF63DD86C6F]
	(No symbol) [0x00007FF63DD6E883]
	(No symbol) [0x00007FF63DD43691]
	(No symbol) [0x00007FF63DD448D4]
	GetHandleVerifier [0x00007FF63E24B992+3610402]
	GetHandleVerifier [0x00007FF63E2A1860+3962352]
	GetHandleVerifier [0x00007FF63E299D4F+3930847]
	GetHandleVerifier [0x00007FF63DF83646+693206]
	(No symbol) [0x00007FF63DE61628]
	(No symbol) [0x00007FF63DE5D934]
	(No symbol) [0x00007FF63DE5DA62]
	(No symbol) [0x00007FF63DE4E113]
	BaseThreadInitThunk [0x00007FFFCEB8257D+29]
	RtlUserThreadStart [0x00007FFFCFECAA68+40]
 
2023-09-28 13:49:26 root ERROR
INFO:Cannot parsing the proposal by link: https://www.otpusk.ua/hotel/87275-Aroma_Butik_Hotel/3092771420252101/#/!/0/115/0/8.10.2023%C2%B13/1-3/2/!/0/1/!/!/2500-375000/!/!/!/!//uah/!/!/!/!/!/!/5/price
Message: no such window: target window already closed
from unknown error: web view not found
  (Session info: chrome=117.0.5938.92)
Stacktrace:
	GetHandleVerifier [0x00007FF63DEE7892+54818]
	(No symbol) [0x00007FF63DE56AC2]
	(No symbol) [0x00007FF63DD0DA3B]
	(No symbol) [0x00007FF63DCEDEE8]
	(No symbol) [0x00007FF63DD73237]
	(No symbol) [0x00007FF63DD86C6F]
	(No symbol) [0x00007FF63DD6E883]
	(No symbol) [0x00007FF63DD43691]
	(No symbol) [0x00007FF63DD448D4]
	GetHandleVerifier [0x00007FF63E24B992+3610402]
	GetHandleVerifier [0x00007FF63E2A1860+3962352]
	GetHandleVerifier [0x00007FF63E299D4F+3930847]
	GetHandleVerifier [0x00007FF63DF83646+693206]
	(No symbol) [0x00007FF63DE61628]
	(No symbol) [0x00007FF63DE5D934]
	(No symbol) [0x00007FF63DE5DA62]
	(No symbol) [0x00007FF63DE4E113]
	BaseThreadInitThunk [0x00007FFFCEB8257D+29]
	RtlUserThreadStart [0x00007FFFCFECAA68+40]
 
2023-09-28 13:49:26 root ERROR
INFO:Cannot parsing the proposal by link: https://www.otpusk.ua/hotel/87275-Aroma_Butik_Hotel/3092771420252101/#/!/0/115/0/8.10.2023%C2%B13/1-3/2/!/0/1/!/!/2500-375000/!/!/!/!//uah/!/!/!/!/!/!/5/price
Message: no such window: target window already closed
from unknown error: web view not found
  (Session info: chrome=117.0.5938.92)
Stacktrace:
	GetHandleVerifier [0x00007FF63DEE7892+54818]
	(No symbol) [0x00007FF63DE56AC2]
	(No symbol) [0x00007FF63DD0DA3B]
	(No symbol) [0x00007FF63DCEDEE8]
	(No symbol) [0x00007FF63DD73237]
	(No symbol) [0x00007FF63DD86C6F]
	(No symbol) [0x00007FF63DD6E883]
	(No symbol) [0x00007FF63DD43691]
	(No symbol) [0x00007FF63DD448D4]
	GetHandleVerifier [0x00007FF63E24B992+3610402]
	GetHandleVerifier [0x00007FF63E2A1860+3962352]
	GetHandleVerifier [0x00007FF63E299D4F+3930847]
	GetHandleVerifier [0x00007FF63DF83646+693206]
	(No symbol) [0x00007FF63DE61628]
	(No symbol) [0x00007FF63DE5D934]
	(No symbol) [0x00007FF63DE5DA62]
	(No symbol) [0x00007FF63DE4E113]
	BaseThreadInitThunk [0x00007FFFCEB8257D+29]
	RtlUserThreadStart [0x00007FFFCFECAA68+40]
 
2023-09-28 13:49:26 root ERROR
INFO:Cannot parsing the proposal by link: https://www.otpusk.ua/hotel/87275-Aroma_Butik_Hotel/3092771420252101/#/!/0/115/0/8.10.2023%C2%B13/1-3/2/!/0/1/!/!/2500-375000/!/!/!/!//uah/!/!/!/!/!/!/5/price
Message: no such window: target window already closed
from unknown error: web view not found
  (Session info: chrome=117.0.5938.92)
Stacktrace:
	GetHandleVerifier [0x00007FF63DEE7892+54818]
	(No symbol) [0x00007FF63DE56AC2]
	(No symbol) [0x00007FF63DD0DA3B]
	(No symbol) [0x00007FF63DCEDEE8]
	(No symbol) [0x00007FF63DD73237]
	(No symbol) [0x00007FF63DD86C6F]
	(No symbol) [0x00007FF63DD6E883]
	(No symbol) [0x00007FF63DD43691]
	(No symbol) [0x00007FF63DD448D4]
	GetHandleVerifier [0x00007FF63E24B992+3610402]
	GetHandleVerifier [0x00007FF63E2A1860+3962352]
	GetHandleVerifier [0x00007FF63E299D4F+3930847]
	GetHandleVerifier [0x00007FF63DF83646+693206]
	(No symbol) [0x00007FF63DE61628]
	(No symbol) [0x00007FF63DE5D934]
	(No symbol) [0x00007FF63DE5DA62]
	(No symbol) [0x00007FF63DE4E113]
	BaseThreadInitThunk [0x00007FFFCEB8257D+29]
	RtlUserThreadStart [0x00007FFFCFECAA68+40]
 
2023-09-28 13:49:26 root ERROR
INFO:Cannot parsing the proposal by link: https://www.otpusk.ua/hotel/87275-Aroma_Butik_Hotel/3352789830382225/#/!/0/115/0/8.10.2023%C2%B13/1-3/2/!/0/1/!/!/2500-375000/!/!/!/!//uah/!/!/!/!/!/!/5/price
Message: no such window: target window already closed
from unknown error: web view not found
  (Session info: chrome=117.0.5938.92)
Stacktrace:
	GetHandleVerifier [0x00007FF63DEE7892+54818]
	(No symbol) [0x00007FF63DE56AC2]
	(No symbol) [0x00007FF63DD0DA3B]
	(No symbol) [0x00007FF63DCEDEE8]
	(No symbol) [0x00007FF63DD73237]
	(No symbol) [0x00007FF63DD86C6F]
	(No symbol) [0x00007FF63DD6E883]
	(No symbol) [0x00007FF63DD43691]
	(No symbol) [0x00007FF63DD448D4]
	GetHandleVerifier [0x00007FF63E24B992+3610402]
	GetHandleVerifier [0x00007FF63E2A1860+3962352]
	GetHandleVerifier [0x00007FF63E299D4F+3930847]
	GetHandleVerifier [0x00007FF63DF83646+693206]
	(No symbol) [0x00007FF63DE61628]
	(No symbol) [0x00007FF63DE5D934]
	(No symbol) [0x00007FF63DE5DA62]
	(No symbol) [0x00007FF63DE4E113]
	BaseThreadInitThunk [0x00007FFFCEB8257D+29]
	RtlUserThreadStart [0x00007FFFCFECAA68+40]
 
2023-09-28 13:49:26 root ERROR
INFO:Cannot parsing the proposal by link: https://www.otpusk.ua/hotel/87275-Aroma_Butik_Hotel/2342789740416168/#/!/0/115/0/8.10.2023%C2%B13/1-3/2/!/0/1/!/!/2500-375000/!/!/!/!//uah/!/!/!/!/!/!/5/price
Message: no such window: target window already closed
from unknown error: web view not found
  (Session info: chrome=117.0.5938.92)
Stacktrace:
	GetHandleVerifier [0x00007FF63DEE7892+54818]
	(No symbol) [0x00007FF63DE56AC2]
	(No symbol) [0x00007FF63DD0DA3B]
	(No symbol) [0x00007FF63DCEDEE8]
	(No symbol) [0x00007FF63DD73237]
	(No symbol) [0x00007FF63DD86C6F]
	(No symbol) [0x00007FF63DD6E883]
	(No symbol) [0x00007FF63DD43691]
	(No symbol) [0x00007FF63DD448D4]
	GetHandleVerifier [0x00007FF63E24B992+3610402]
	GetHandleVerifier [0x00007FF63E2A1860+3962352]
	GetHandleVerifier [0x00007FF63E299D4F+3930847]
	GetHandleVerifier [0x00007FF63DF83646+693206]
	(No symbol) [0x00007FF63DE61628]
	(No symbol) [0x00007FF63DE5D934]
	(No symbol) [0x00007FF63DE5DA62]
	(No symbol) [0x00007FF63DE4E113]
	BaseThreadInitThunk [0x00007FFFCEB8257D+29]
	RtlUserThreadStart [0x00007FFFCFECAA68+40]
 
2023-09-28 13:49:26 root ERROR
INFO:Cannot parsing the proposal by link: https://www.otpusk.ua/hotel/12654-club_herakles_hotel/2762775410255115/#/!/0/115/0/8.10.2023%C2%B13/1-3/2/!/0/1/!/!/2500-375000/!/!/!/!//uah/!/!/!/!/!/!/5/price
Message: no such window: target window already closed
from unknown error: web view not found
  (Session info: chrome=117.0.5938.92)
Stacktrace:
	GetHandleVerifier [0x00007FF63DEE7892+54818]
	(No symbol) [0x00007FF63DE56AC2]
	(No symbol) [0x00007FF63DD0DA3B]
	(No symbol) [0x00007FF63DCEDEE8]
	(No symbol) [0x00007FF63DD73237]
	(No symbol) [0x00007FF63DD86C6F]
	(No symbol) [0x00007FF63DD6E883]
	(No symbol) [0x00007FF63DD43691]
	(No symbol) [0x00007FF63DD448D4]
	GetHandleVerifier [0x00007FF63E24B992+3610402]
	GetHandleVerifier [0x00007FF63E2A1860+3962352]
	GetHandleVerifier [0x00007FF63E299D4F+3930847]
	GetHandleVerifier [0x00007FF63DF83646+693206]
	(No symbol) [0x00007FF63DE61628]
	(No symbol) [0x00007FF63DE5D934]
	(No symbol) [0x00007FF63DE5DA62]
	(No symbol) [0x00007FF63DE4E113]
	BaseThreadInitThunk [0x00007FFFCEB8257D+29]
	RtlUserThreadStart [0x00007FFFCFECAA68+40]
 
2023-09-28 13:49:26 root ERROR
INFO:Cannot parsing the proposal by link: https://www.otpusk.ua/hotel/12654-club_herakles_hotel/2762775410255115/#/!/0/115/0/8.10.2023%C2%B13/1-3/2/!/0/1/!/!/2500-375000/!/!/!/!//uah/!/!/!/!/!/!/5/price
Message: no such window: target window already closed
from unknown error: web view not found
  (Session info: chrome=117.0.5938.92)
Stacktrace:
	GetHandleVerifier [0x00007FF63DEE7892+54818]
	(No symbol) [0x00007FF63DE56AC2]
	(No symbol) [0x00007FF63DD0DA3B]
	(No symbol) [0x00007FF63DCEDEE8]
	(No symbol) [0x00007FF63DD73237]
	(No symbol) [0x00007FF63DD86C6F]
	(No symbol) [0x00007FF63DD6E883]
	(No symbol) [0x00007FF63DD43691]
	(No symbol) [0x00007FF63DD448D4]
	GetHandleVerifier [0x00007FF63E24B992+3610402]
	GetHandleVerifier [0x00007FF63E2A1860+3962352]
	GetHandleVerifier [0x00007FF63E299D4F+3930847]
	GetHandleVerifier [0x00007FF63DF83646+693206]
	(No symbol) [0x00007FF63DE61628]
	(No symbol) [0x00007FF63DE5D934]
	(No symbol) [0x00007FF63DE5DA62]
	(No symbol) [0x00007FF63DE4E113]
	BaseThreadInitThunk [0x00007FFFCEB8257D+29]
	RtlUserThreadStart [0x00007FFFCFECAA68+40]
 
2023-09-28 13:49:26 root ERROR
INFO:Cannot parsing the proposal by link: https://www.otpusk.ua/hotel/12654-club_herakles_hotel/2762775410255115/#/!/0/115/0/8.10.2023%C2%B13/1-3/2/!/0/1/!/!/2500-375000/!/!/!/!//uah/!/!/!/!/!/!/5/price
Message: no such window: target window already closed
from unknown error: web view not found
  (Session info: chrome=117.0.5938.92)
Stacktrace:
	GetHandleVerifier [0x00007FF63DEE7892+54818]
	(No symbol) [0x00007FF63DE56AC2]
	(No symbol) [0x00007FF63DD0DA3B]
	(No symbol) [0x00007FF63DCEDEE8]
	(No symbol) [0x00007FF63DD73237]
	(No symbol) [0x00007FF63DD86C6F]
	(No symbol) [0x00007FF63DD6E883]
	(No symbol) [0x00007FF63DD43691]
	(No symbol) [0x00007FF63DD448D4]
	GetHandleVerifier [0x00007FF63E24B992+3610402]
	GetHandleVerifier [0x00007FF63E2A1860+3962352]
	GetHandleVerifier [0x00007FF63E299D4F+3930847]
	GetHandleVerifier [0x00007FF63DF83646+693206]
	(No symbol) [0x00007FF63DE61628]
	(No symbol) [0x00007FF63DE5D934]
	(No symbol) [0x00007FF63DE5DA62]
	(No symbol) [0x00007FF63DE4E113]
	BaseThreadInitThunk [0x00007FFFCEB8257D+29]
	RtlUserThreadStart [0x00007FFFCFECAA68+40]
 
2023-09-28 13:49:26 root ERROR
INFO:Cannot parsing the proposal by link: https://www.otpusk.ua/hotel/12654-club_herakles_hotel/2652821640458174/#/!/0/115/0/8.10.2023%C2%B13/1-3/2/!/0/1/!/!/2500-375000/!/!/!/!//uah/!/!/!/!/!/!/5/price
Message: no such window: target window already closed
from unknown error: web view not found
  (Session info: chrome=117.0.5938.92)
Stacktrace:
	GetHandleVerifier [0x00007FF63DEE7892+54818]
	(No symbol) [0x00007FF63DE56AC2]
	(No symbol) [0x00007FF63DD0DA3B]
	(No symbol) [0x00007FF63DCEDEE8]
	(No symbol) [0x00007FF63DD73237]
	(No symbol) [0x00007FF63DD86C6F]
	(No symbol) [0x00007FF63DD6E883]
	(No symbol) [0x00007FF63DD43691]
	(No symbol) [0x00007FF63DD448D4]
	GetHandleVerifier [0x00007FF63E24B992+3610402]
	GetHandleVerifier [0x00007FF63E2A1860+3962352]
	GetHandleVerifier [0x00007FF63E299D4F+3930847]
	GetHandleVerifier [0x00007FF63DF83646+693206]
	(No symbol) [0x00007FF63DE61628]
	(No symbol) [0x00007FF63DE5D934]
	(No symbol) [0x00007FF63DE5DA62]
	(No symbol) [0x00007FF63DE4E113]
	BaseThreadInitThunk [0x00007FFFCEB8257D+29]
	RtlUserThreadStart [0x00007FFFCFECAA68+40]
 
2023-09-28 13:49:26 root ERROR
INFO:Cannot parsing the proposal by link: https://www.otpusk.ua/hotel/83331-Agon_Hotel/1642770200211147/#/!/0/115/0/8.10.2023%C2%B13/1-3/2/!/0/1/!/!/2500-375000/!/!/!/!//uah/!/!/!/!/!/!/5/price
Message: no such window: target window already closed
from unknown error: web view not found
  (Session info: chrome=117.0.5938.92)
Stacktrace:
	GetHandleVerifier [0x00007FF63DEE7892+54818]
	(No symbol) [0x00007FF63DE56AC2]
	(No symbol) [0x00007FF63DD0DA3B]
	(No symbol) [0x00007FF63DCEDEE8]
	(No symbol) [0x00007FF63DD73237]
	(No symbol) [0x00007FF63DD86C6F]
	(No symbol) [0x00007FF63DD6E883]
	(No symbol) [0x00007FF63DD43691]
	(No symbol) [0x00007FF63DD448D4]
	GetHandleVerifier [0x00007FF63E24B992+3610402]
	GetHandleVerifier [0x00007FF63E2A1860+3962352]
	GetHandleVerifier [0x00007FF63E299D4F+3930847]
	GetHandleVerifier [0x00007FF63DF83646+693206]
	(No symbol) [0x00007FF63DE61628]
	(No symbol) [0x00007FF63DE5D934]
	(No symbol) [0x00007FF63DE5DA62]
	(No symbol) [0x00007FF63DE4E113]
	BaseThreadInitThunk [0x00007FFFCEB8257D+29]
	RtlUserThreadStart [0x00007FFFCFECAA68+40]
 
2023-09-28 13:49:26 root ERROR
INFO:Cannot parsing the proposal by link: https://www.otpusk.ua/hotel/83331-Agon_Hotel/1642770200211147/#/!/0/115/0/8.10.2023%C2%B13/1-3/2/!/0/1/!/!/2500-375000/!/!/!/!//uah/!/!/!/!/!/!/5/price
Message: no such window: target window already closed
from unknown error: web view not found
  (Session info: chrome=117.0.5938.92)
Stacktrace:
	GetHandleVerifier [0x00007FF63DEE7892+54818]
	(No symbol) [0x00007FF63DE56AC2]
	(No symbol) [0x00007FF63DD0DA3B]
	(No symbol) [0x00007FF63DCEDEE8]
	(No symbol) [0x00007FF63DD73237]
	(No symbol) [0x00007FF63DD86C6F]
	(No symbol) [0x00007FF63DD6E883]
	(No symbol) [0x00007FF63DD43691]
	(No symbol) [0x00007FF63DD448D4]
	GetHandleVerifier [0x00007FF63E24B992+3610402]
	GetHandleVerifier [0x00007FF63E2A1860+3962352]
	GetHandleVerifier [0x00007FF63E299D4F+3930847]
	GetHandleVerifier [0x00007FF63DF83646+693206]
	(No symbol) [0x00007FF63DE61628]
	(No symbol) [0x00007FF63DE5D934]
	(No symbol) [0x00007FF63DE5DA62]
	(No symbol) [0x00007FF63DE4E113]
	BaseThreadInitThunk [0x00007FFFCEB8257D+29]
	RtlUserThreadStart [0x00007FFFCFECAA68+40]
 
2023-09-28 13:49:26 root ERROR
INFO:Cannot parsing the proposal by link: https://www.otpusk.ua/hotel/83331-Agon_Hotel/1642770200211147/#/!/0/115/0/8.10.2023%C2%B13/1-3/2/!/0/1/!/!/2500-375000/!/!/!/!//uah/!/!/!/!/!/!/5/price
Message: no such window: target window already closed
from unknown error: web view not found
  (Session info: chrome=117.0.5938.92)
Stacktrace:
	GetHandleVerifier [0x00007FF63DEE7892+54818]
	(No symbol) [0x00007FF63DE56AC2]
	(No symbol) [0x00007FF63DD0DA3B]
	(No symbol) [0x00007FF63DCEDEE8]
	(No symbol) [0x00007FF63DD73237]
	(No symbol) [0x00007FF63DD86C6F]
	(No symbol) [0x00007FF63DD6E883]
	(No symbol) [0x00007FF63DD43691]
	(No symbol) [0x00007FF63DD448D4]
	GetHandleVerifier [0x00007FF63E24B992+3610402]
	GetHandleVerifier [0x00007FF63E2A1860+3962352]
	GetHandleVerifier [0x00007FF63E299D4F+3930847]
	GetHandleVerifier [0x00007FF63DF83646+693206]
	(No symbol) [0x00007FF63DE61628]
	(No symbol) [0x00007FF63DE5D934]
	(No symbol) [0x00007FF63DE5DA62]
	(No symbol) [0x00007FF63DE4E113]
	BaseThreadInitThunk [0x00007FFFCEB8257D+29]
	RtlUserThreadStart [0x00007FFFCFECAA68+40]
 
2023-09-28 13:49:26 root ERROR
INFO:Cannot parsing the proposal by link: https://www.otpusk.ua/hotel/83331-Agon_Hotel/1252835800388297/#/!/0/115/0/8.10.2023%C2%B13/1-3/2/!/0/1/!/!/2500-375000/!/!/!/!//uah/!/!/!/!/!/!/5/price
Message: no such window: target window already closed
from unknown error: web view not found
  (Session info: chrome=117.0.5938.92)
Stacktrace:
	GetHandleVerifier [0x00007FF63DEE7892+54818]
	(No symbol) [0x00007FF63DE56AC2]
	(No symbol) [0x00007FF63DD0DA3B]
	(No symbol) [0x00007FF63DCEDEE8]
	(No symbol) [0x00007FF63DD73237]
	(No symbol) [0x00007FF63DD86C6F]
	(No symbol) [0x00007FF63DD6E883]
	(No symbol) [0x00007FF63DD43691]
	(No symbol) [0x00007FF63DD448D4]
	GetHandleVerifier [0x00007FF63E24B992+3610402]
	GetHandleVerifier [0x00007FF63E2A1860+3962352]
	GetHandleVerifier [0x00007FF63E299D4F+3930847]
	GetHandleVerifier [0x00007FF63DF83646+693206]
	(No symbol) [0x00007FF63DE61628]
	(No symbol) [0x00007FF63DE5D934]
	(No symbol) [0x00007FF63DE5DA62]
	(No symbol) [0x00007FF63DE4E113]
	BaseThreadInitThunk [0x00007FFFCEB8257D+29]
	RtlUserThreadStart [0x00007FFFCFECAA68+40]
 
2023-09-28 13:49:26 root ERROR
INFO:Cannot parsing the proposal by link: https://www.otpusk.ua/hotel/83331-Agon_Hotel/3282773180471196/#/!/0/115/0/8.10.2023%C2%B13/1-3/2/!/0/1/!/!/2500-375000/!/!/!/!//uah/!/!/!/!/!/!/5/price
Message: no such window: target window already closed
from unknown error: web view not found
  (Session info: chrome=117.0.5938.92)
Stacktrace:
	GetHandleVerifier [0x00007FF63DEE7892+54818]
	(No symbol) [0x00007FF63DE56AC2]
	(No symbol) [0x00007FF63DD0DA3B]
	(No symbol) [0x00007FF63DCEDEE8]
	(No symbol) [0x00007FF63DD73237]
	(No symbol) [0x00007FF63DD86C6F]
	(No symbol) [0x00007FF63DD6E883]
	(No symbol) [0x00007FF63DD43691]
	(No symbol) [0x00007FF63DD448D4]
	GetHandleVerifier [0x00007FF63E24B992+3610402]
	GetHandleVerifier [0x00007FF63E2A1860+3962352]
	GetHandleVerifier [0x00007FF63E299D4F+3930847]
	GetHandleVerifier [0x00007FF63DF83646+693206]
	(No symbol) [0x00007FF63DE61628]
	(No symbol) [0x00007FF63DE5D934]
	(No symbol) [0x00007FF63DE5DA62]
	(No symbol) [0x00007FF63DE4E113]
	BaseThreadInitThunk [0x00007FFFCEB8257D+29]
	RtlUserThreadStart [0x00007FFFCFECAA68+40]
 
2023-09-28 13:49:26 root ERROR
INFO:Cannot parsing the proposal by link: https://www.otpusk.ua/hotel/95274-Cleopatra_Ada_Apart_Hotel/7922836100203000/#/!/0/115/0/8.10.2023%C2%B13/1-3/2/!/0/1/!/!/2500-375000/!/!/!/!//uah/!/!/!/!/!/!/5/price
Message: no such window: target window already closed
from unknown error: web view not found
  (Session info: chrome=117.0.5938.92)
Stacktrace:
	GetHandleVerifier [0x00007FF63DEE7892+54818]
	(No symbol) [0x00007FF63DE56AC2]
	(No symbol) [0x00007FF63DD0DA3B]
	(No symbol) [0x00007FF63DCEDEE8]
	(No symbol) [0x00007FF63DD73237]
	(No symbol) [0x00007FF63DD86C6F]
	(No symbol) [0x00007FF63DD6E883]
	(No symbol) [0x00007FF63DD43691]
	(No symbol) [0x00007FF63DD448D4]
	GetHandleVerifier [0x00007FF63E24B992+3610402]
	GetHandleVerifier [0x00007FF63E2A1860+3962352]
	GetHandleVerifier [0x00007FF63E299D4F+3930847]
	GetHandleVerifier [0x00007FF63DF83646+693206]
	(No symbol) [0x00007FF63DE61628]
	(No symbol) [0x00007FF63DE5D934]
	(No symbol) [0x00007FF63DE5DA62]
	(No symbol) [0x00007FF63DE4E113]
	BaseThreadInitThunk [0x00007FFFCEB8257D+29]
	RtlUserThreadStart [0x00007FFFCFECAA68+40]
 
2023-09-28 13:49:26 root ERROR
INFO:Cannot parsing the proposal by link: https://www.otpusk.ua/hotel/95274-Cleopatra_Ada_Apart_Hotel/7922836100203000/#/!/0/115/0/8.10.2023%C2%B13/1-3/2/!/0/1/!/!/2500-375000/!/!/!/!//uah/!/!/!/!/!/!/5/price
Message: no such window: target window already closed
from unknown error: web view not found
  (Session info: chrome=117.0.5938.92)
Stacktrace:
	GetHandleVerifier [0x00007FF63DEE7892+54818]
	(No symbol) [0x00007FF63DE56AC2]
	(No symbol) [0x00007FF63DD0DA3B]
	(No symbol) [0x00007FF63DCEDEE8]
	(No symbol) [0x00007FF63DD73237]
	(No symbol) [0x00007FF63DD86C6F]
	(No symbol) [0x00007FF63DD6E883]
	(No symbol) [0x00007FF63DD43691]
	(No symbol) [0x00007FF63DD448D4]
	GetHandleVerifier [0x00007FF63E24B992+3610402]
	GetHandleVerifier [0x00007FF63E2A1860+3962352]
	GetHandleVerifier [0x00007FF63E299D4F+3930847]
	GetHandleVerifier [0x00007FF63DF83646+693206]
	(No symbol) [0x00007FF63DE61628]
	(No symbol) [0x00007FF63DE5D934]
	(No symbol) [0x00007FF63DE5DA62]
	(No symbol) [0x00007FF63DE4E113]
	BaseThreadInitThunk [0x00007FFFCEB8257D+29]
	RtlUserThreadStart [0x00007FFFCFECAA68+40]
 
2023-09-28 13:49:26 root ERROR
INFO:Cannot parsing the proposal by link: https://www.otpusk.ua/hotel/95274-Cleopatra_Ada_Apart_Hotel/7922836100203000/#/!/0/115/0/8.10.2023%C2%B13/1-3/2/!/0/1/!/!/2500-375000/!/!/!/!//uah/!/!/!/!/!/!/5/price
Message: no such window: target window already closed
from unknown error: web view not found
  (Session info: chrome=117.0.5938.92)
Stacktrace:
	GetHandleVerifier [0x00007FF63DEE7892+54818]
	(No symbol) [0x00007FF63DE56AC2]
	(No symbol) [0x00007FF63DD0DA3B]
	(No symbol) [0x00007FF63DCEDEE8]
	(No symbol) [0x00007FF63DD73237]
	(No symbol) [0x00007FF63DD86C6F]
	(No symbol) [0x00007FF63DD6E883]
	(No symbol) [0x00007FF63DD43691]
	(No symbol) [0x00007FF63DD448D4]
	GetHandleVerifier [0x00007FF63E24B992+3610402]
	GetHandleVerifier [0x00007FF63E2A1860+3962352]
	GetHandleVerifier [0x00007FF63E299D4F+3930847]
	GetHandleVerifier [0x00007FF63DF83646+693206]
	(No symbol) [0x00007FF63DE61628]
	(No symbol) [0x00007FF63DE5D934]
	(No symbol) [0x00007FF63DE5DA62]
	(No symbol) [0x00007FF63DE4E113]
	BaseThreadInitThunk [0x00007FFFCEB8257D+29]
	RtlUserThreadStart [0x00007FFFCFECAA68+40]
 
2023-09-28 13:49:26 root ERROR
INFO:Cannot parsing the proposal by link: https://www.otpusk.ua/hotel/12820-Yuvam_Hotel/1802778140285168/#/!/0/115/0/8.10.2023%C2%B13/1-3/2/!/0/1/!/!/2500-375000/!/!/!/!//uah/!/!/!/!/!/!/5/price
Message: no such window: target window already closed
from unknown error: web view not found
  (Session info: chrome=117.0.5938.92)
Stacktrace:
	GetHandleVerifier [0x00007FF63DEE7892+54818]
	(No symbol) [0x00007FF63DE56AC2]
	(No symbol) [0x00007FF63DD0DA3B]
	(No symbol) [0x00007FF63DCEDEE8]
	(No symbol) [0x00007FF63DD73237]
	(No symbol) [0x00007FF63DD86C6F]
	(No symbol) [0x00007FF63DD6E883]
	(No symbol) [0x00007FF63DD43691]
	(No symbol) [0x00007FF63DD448D4]
	GetHandleVerifier [0x00007FF63E24B992+3610402]
	GetHandleVerifier [0x00007FF63E2A1860+3962352]
	GetHandleVerifier [0x00007FF63E299D4F+3930847]
	GetHandleVerifier [0x00007FF63DF83646+693206]
	(No symbol) [0x00007FF63DE61628]
	(No symbol) [0x00007FF63DE5D934]
	(No symbol) [0x00007FF63DE5DA62]
	(No symbol) [0x00007FF63DE4E113]
	BaseThreadInitThunk [0x00007FFFCEB8257D+29]
	RtlUserThreadStart [0x00007FFFCFECAA68+40]
 
2023-09-28 13:49:26 root ERROR
INFO:Cannot parsing the proposal by link: https://www.otpusk.ua/hotel/12820-Yuvam_Hotel/1802778140285168/#/!/0/115/0/8.10.2023%C2%B13/1-3/2/!/0/1/!/!/2500-375000/!/!/!/!//uah/!/!/!/!/!/!/5/price
Message: no such window: target window already closed
from unknown error: web view not found
  (Session info: chrome=117.0.5938.92)
Stacktrace:
	GetHandleVerifier [0x00007FF63DEE7892+54818]
	(No symbol) [0x00007FF63DE56AC2]
	(No symbol) [0x00007FF63DD0DA3B]
	(No symbol) [0x00007FF63DCEDEE8]
	(No symbol) [0x00007FF63DD73237]
	(No symbol) [0x00007FF63DD86C6F]
	(No symbol) [0x00007FF63DD6E883]
	(No symbol) [0x00007FF63DD43691]
	(No symbol) [0x00007FF63DD448D4]
	GetHandleVerifier [0x00007FF63E24B992+3610402]
	GetHandleVerifier [0x00007FF63E2A1860+3962352]
	GetHandleVerifier [0x00007FF63E299D4F+3930847]
	GetHandleVerifier [0x00007FF63DF83646+693206]
	(No symbol) [0x00007FF63DE61628]
	(No symbol) [0x00007FF63DE5D934]
	(No symbol) [0x00007FF63DE5DA62]
	(No symbol) [0x00007FF63DE4E113]
	BaseThreadInitThunk [0x00007FFFCEB8257D+29]
	RtlUserThreadStart [0x00007FFFCFECAA68+40]
 
2023-09-28 13:49:26 root ERROR
INFO:Cannot parsing the proposal by link: https://www.otpusk.ua/hotel/12820-Yuvam_Hotel/1802778140285168/#/!/0/115/0/8.10.2023%C2%B13/1-3/2/!/0/1/!/!/2500-375000/!/!/!/!//uah/!/!/!/!/!/!/5/price
Message: no such window: target window already closed
from unknown error: web view not found
  (Session info: chrome=117.0.5938.92)
Stacktrace:
	GetHandleVerifier [0x00007FF63DEE7892+54818]
	(No symbol) [0x00007FF63DE56AC2]
	(No symbol) [0x00007FF63DD0DA3B]
	(No symbol) [0x00007FF63DCEDEE8]
	(No symbol) [0x00007FF63DD73237]
	(No symbol) [0x00007FF63DD86C6F]
	(No symbol) [0x00007FF63DD6E883]
	(No symbol) [0x00007FF63DD43691]
	(No symbol) [0x00007FF63DD448D4]
	GetHandleVerifier [0x00007FF63E24B992+3610402]
	GetHandleVerifier [0x00007FF63E2A1860+3962352]
	GetHandleVerifier [0x00007FF63E299D4F+3930847]
	GetHandleVerifier [0x00007FF63DF83646+693206]
	(No symbol) [0x00007FF63DE61628]
	(No symbol) [0x00007FF63DE5D934]
	(No symbol) [0x00007FF63DE5DA62]
	(No symbol) [0x00007FF63DE4E113]
	BaseThreadInitThunk [0x00007FFFCEB8257D+29]
	RtlUserThreadStart [0x00007FFFCFECAA68+40]
 
2023-09-28 13:49:26 root ERROR
INFO:Cannot parsing the proposal by link: https://www.otpusk.ua/hotel/12820-Yuvam_Hotel/2042805050483128/#/!/0/115/0/8.10.2023%C2%B13/1-3/2/!/0/1/!/!/2500-375000/!/!/!/!//uah/!/!/!/!/!/!/5/price
Message: no such window: target window already closed
from unknown error: web view not found
  (Session info: chrome=117.0.5938.92)
Stacktrace:
	GetHandleVerifier [0x00007FF63DEE7892+54818]
	(No symbol) [0x00007FF63DE56AC2]
	(No symbol) [0x00007FF63DD0DA3B]
	(No symbol) [0x00007FF63DCEDEE8]
	(No symbol) [0x00007FF63DD73237]
	(No symbol) [0x00007FF63DD86C6F]
	(No symbol) [0x00007FF63DD6E883]
	(No symbol) [0x00007FF63DD43691]
	(No symbol) [0x00007FF63DD448D4]
	GetHandleVerifier [0x00007FF63E24B992+3610402]
	GetHandleVerifier [0x00007FF63E2A1860+3962352]
	GetHandleVerifier [0x00007FF63E299D4F+3930847]
	GetHandleVerifier [0x00007FF63DF83646+693206]
	(No symbol) [0x00007FF63DE61628]
	(No symbol) [0x00007FF63DE5D934]
	(No symbol) [0x00007FF63DE5DA62]
	(No symbol) [0x00007FF63DE4E113]
	BaseThreadInitThunk [0x00007FFFCEB8257D+29]
	RtlUserThreadStart [0x00007FFFCFECAA68+40]
 
2023-09-28 13:49:26 root ERROR
INFO:Cannot parsing the proposal by link: https://www.otpusk.ua/hotel/11893-ares_city_hotel/7702770950284460/#/!/0/115/0/8.10.2023%C2%B13/1-3/2/!/0/1/!/!/2500-375000/!/!/!/!//uah/!/!/!/!/!/!/5/price
Message: no such window: target window already closed
from unknown error: web view not found
  (Session info: chrome=117.0.5938.92)
Stacktrace:
	GetHandleVerifier [0x00007FF63DEE7892+54818]
	(No symbol) [0x00007FF63DE56AC2]
	(No symbol) [0x00007FF63DD0DA3B]
	(No symbol) [0x00007FF63DCEDEE8]
	(No symbol) [0x00007FF63DD73237]
	(No symbol) [0x00007FF63DD86C6F]
	(No symbol) [0x00007FF63DD6E883]
	(No symbol) [0x00007FF63DD43691]
	(No symbol) [0x00007FF63DD448D4]
	GetHandleVerifier [0x00007FF63E24B992+3610402]
	GetHandleVerifier [0x00007FF63E2A1860+3962352]
	GetHandleVerifier [0x00007FF63E299D4F+3930847]
	GetHandleVerifier [0x00007FF63DF83646+693206]
	(No symbol) [0x00007FF63DE61628]
	(No symbol) [0x00007FF63DE5D934]
	(No symbol) [0x00007FF63DE5DA62]
	(No symbol) [0x00007FF63DE4E113]
	BaseThreadInitThunk [0x00007FFFCEB8257D+29]
	RtlUserThreadStart [0x00007FFFCFECAA68+40]
 
2023-09-28 13:49:26 root ERROR
INFO:Cannot parsing the proposal by link: https://www.otpusk.ua/hotel/11893-ares_city_hotel/7702770950284460/#/!/0/115/0/8.10.2023%C2%B13/1-3/2/!/0/1/!/!/2500-375000/!/!/!/!//uah/!/!/!/!/!/!/5/price
Message: no such window: target window already closed
from unknown error: web view not found
  (Session info: chrome=117.0.5938.92)
Stacktrace:
	GetHandleVerifier [0x00007FF63DEE7892+54818]
	(No symbol) [0x00007FF63DE56AC2]
	(No symbol) [0x00007FF63DD0DA3B]
	(No symbol) [0x00007FF63DCEDEE8]
	(No symbol) [0x00007FF63DD73237]
	(No symbol) [0x00007FF63DD86C6F]
	(No symbol) [0x00007FF63DD6E883]
	(No symbol) [0x00007FF63DD43691]
	(No symbol) [0x00007FF63DD448D4]
	GetHandleVerifier [0x00007FF63E24B992+3610402]
	GetHandleVerifier [0x00007FF63E2A1860+3962352]
	GetHandleVerifier [0x00007FF63E299D4F+3930847]
	GetHandleVerifier [0x00007FF63DF83646+693206]
	(No symbol) [0x00007FF63DE61628]
	(No symbol) [0x00007FF63DE5D934]
	(No symbol) [0x00007FF63DE5DA62]
	(No symbol) [0x00007FF63DE4E113]
	BaseThreadInitThunk [0x00007FFFCEB8257D+29]
	RtlUserThreadStart [0x00007FFFCFECAA68+40]
 
2023-09-28 13:49:26 root ERROR
INFO:Cannot parsing the proposal by link: https://www.otpusk.ua/hotel/11893-ares_city_hotel/7702770950284460/#/!/0/115/0/8.10.2023%C2%B13/1-3/2/!/0/1/!/!/2500-375000/!/!/!/!//uah/!/!/!/!/!/!/5/price
Message: no such window: target window already closed
from unknown error: web view not found
  (Session info: chrome=117.0.5938.92)
Stacktrace:
	GetHandleVerifier [0x00007FF63DEE7892+54818]
	(No symbol) [0x00007FF63DE56AC2]
	(No symbol) [0x00007FF63DD0DA3B]
	(No symbol) [0x00007FF63DCEDEE8]
	(No symbol) [0x00007FF63DD73237]
	(No symbol) [0x00007FF63DD86C6F]
	(No symbol) [0x00007FF63DD6E883]
	(No symbol) [0x00007FF63DD43691]
	(No symbol) [0x00007FF63DD448D4]
	GetHandleVerifier [0x00007FF63E24B992+3610402]
	GetHandleVerifier [0x00007FF63E2A1860+3962352]
	GetHandleVerifier [0x00007FF63E299D4F+3930847]
	GetHandleVerifier [0x00007FF63DF83646+693206]
	(No symbol) [0x00007FF63DE61628]
	(No symbol) [0x00007FF63DE5D934]
	(No symbol) [0x00007FF63DE5DA62]
	(No symbol) [0x00007FF63DE4E113]
	BaseThreadInitThunk [0x00007FFFCEB8257D+29]
	RtlUserThreadStart [0x00007FFFCFECAA68+40]
 
2023-09-28 13:49:26 root ERROR
INFO:Cannot parsing the proposal by link: https://www.otpusk.ua/hotel/11893-ares_city_hotel/2722780160393475/#/!/0/115/0/8.10.2023%C2%B13/1-3/2/!/0/1/!/!/2500-375000/!/!/!/!//uah/!/!/!/!/!/!/5/price
Message: no such window: target window already closed
from unknown error: web view not found
  (Session info: chrome=117.0.5938.92)
Stacktrace:
	GetHandleVerifier [0x00007FF63DEE7892+54818]
	(No symbol) [0x00007FF63DE56AC2]
	(No symbol) [0x00007FF63DD0DA3B]
	(No symbol) [0x00007FF63DCEDEE8]
	(No symbol) [0x00007FF63DD73237]
	(No symbol) [0x00007FF63DD86C6F]
	(No symbol) [0x00007FF63DD6E883]
	(No symbol) [0x00007FF63DD43691]
	(No symbol) [0x00007FF63DD448D4]
	GetHandleVerifier [0x00007FF63E24B992+3610402]
	GetHandleVerifier [0x00007FF63E2A1860+3962352]
	GetHandleVerifier [0x00007FF63E299D4F+3930847]
	GetHandleVerifier [0x00007FF63DF83646+693206]
	(No symbol) [0x00007FF63DE61628]
	(No symbol) [0x00007FF63DE5D934]
	(No symbol) [0x00007FF63DE5DA62]
	(No symbol) [0x00007FF63DE4E113]
	BaseThreadInitThunk [0x00007FFFCEB8257D+29]
	RtlUserThreadStart [0x00007FFFCFECAA68+40]
 
2023-09-28 13:49:26 root ERROR
INFO:Cannot parsing the proposal by link: https://www.otpusk.ua/hotel/11893-ares_city_hotel/5932808560454480/#/!/0/115/0/8.10.2023%C2%B13/1-3/2/!/0/1/!/!/2500-375000/!/!/!/!//uah/!/!/!/!/!/!/5/price
Message: no such window: target window already closed
from unknown error: web view not found
  (Session info: chrome=117.0.5938.92)
Stacktrace:
	GetHandleVerifier [0x00007FF63DEE7892+54818]
	(No symbol) [0x00007FF63DE56AC2]
	(No symbol) [0x00007FF63DD0DA3B]
	(No symbol) [0x00007FF63DCEDEE8]
	(No symbol) [0x00007FF63DD73237]
	(No symbol) [0x00007FF63DD86C6F]
	(No symbol) [0x00007FF63DD6E883]
	(No symbol) [0x00007FF63DD43691]
	(No symbol) [0x00007FF63DD448D4]
	GetHandleVerifier [0x00007FF63E24B992+3610402]
	GetHandleVerifier [0x00007FF63E2A1860+3962352]
	GetHandleVerifier [0x00007FF63E299D4F+3930847]
	GetHandleVerifier [0x00007FF63DF83646+693206]
	(No symbol) [0x00007FF63DE61628]
	(No symbol) [0x00007FF63DE5D934]
	(No symbol) [0x00007FF63DE5DA62]
	(No symbol) [0x00007FF63DE4E113]
	BaseThreadInitThunk [0x00007FFFCEB8257D+29]
	RtlUserThreadStart [0x00007FFFCFECAA68+40]
 
2023-09-28 13:49:26 root ERROR
INFO:Cannot parsing the proposal by link: https://www.otpusk.ua/hotel/20634-Alkan_Hotel/3022813320298173/#/!/0/115/0/8.10.2023%C2%B13/1-3/2/!/0/1/!/!/2500-375000/!/!/!/!//uah/!/!/!/!/!/!/5/price
Message: no such window: target window already closed
from unknown error: web view not found
  (Session info: chrome=117.0.5938.92)
Stacktrace:
	GetHandleVerifier [0x00007FF63DEE7892+54818]
	(No symbol) [0x00007FF63DE56AC2]
	(No symbol) [0x00007FF63DD0DA3B]
	(No symbol) [0x00007FF63DCEDEE8]
	(No symbol) [0x00007FF63DD73237]
	(No symbol) [0x00007FF63DD86C6F]
	(No symbol) [0x00007FF63DD6E883]
	(No symbol) [0x00007FF63DD43691]
	(No symbol) [0x00007FF63DD448D4]
	GetHandleVerifier [0x00007FF63E24B992+3610402]
	GetHandleVerifier [0x00007FF63E2A1860+3962352]
	GetHandleVerifier [0x00007FF63E299D4F+3930847]
	GetHandleVerifier [0x00007FF63DF83646+693206]
	(No symbol) [0x00007FF63DE61628]
	(No symbol) [0x00007FF63DE5D934]
	(No symbol) [0x00007FF63DE5DA62]
	(No symbol) [0x00007FF63DE4E113]
	BaseThreadInitThunk [0x00007FFFCEB8257D+29]
	RtlUserThreadStart [0x00007FFFCFECAA68+40]
 
2023-09-28 13:49:26 root ERROR
INFO:Cannot parsing the proposal by link: https://www.otpusk.ua/hotel/20634-Alkan_Hotel/3022813320298173/#/!/0/115/0/8.10.2023%C2%B13/1-3/2/!/0/1/!/!/2500-375000/!/!/!/!//uah/!/!/!/!/!/!/5/price
Message: no such window: target window already closed
from unknown error: web view not found
  (Session info: chrome=117.0.5938.92)
Stacktrace:
	GetHandleVerifier [0x00007FF63DEE7892+54818]
	(No symbol) [0x00007FF63DE56AC2]
	(No symbol) [0x00007FF63DD0DA3B]
	(No symbol) [0x00007FF63DCEDEE8]
	(No symbol) [0x00007FF63DD73237]
	(No symbol) [0x00007FF63DD86C6F]
	(No symbol) [0x00007FF63DD6E883]
	(No symbol) [0x00007FF63DD43691]
	(No symbol) [0x00007FF63DD448D4]
	GetHandleVerifier [0x00007FF63E24B992+3610402]
	GetHandleVerifier [0x00007FF63E2A1860+3962352]
	GetHandleVerifier [0x00007FF63E299D4F+3930847]
	GetHandleVerifier [0x00007FF63DF83646+693206]
	(No symbol) [0x00007FF63DE61628]
	(No symbol) [0x00007FF63DE5D934]
	(No symbol) [0x00007FF63DE5DA62]
	(No symbol) [0x00007FF63DE4E113]
	BaseThreadInitThunk [0x00007FFFCEB8257D+29]
	RtlUserThreadStart [0x00007FFFCFECAA68+40]
 
2023-09-28 13:49:26 root ERROR
INFO:Cannot parsing the proposal by link: https://www.otpusk.ua/hotel/20634-Alkan_Hotel/3022813320298173/#/!/0/115/0/8.10.2023%C2%B13/1-3/2/!/0/1/!/!/2500-375000/!/!/!/!//uah/!/!/!/!/!/!/5/price
Message: no such window: target window already closed
from unknown error: web view not found
  (Session info: chrome=117.0.5938.92)
Stacktrace:
	GetHandleVerifier [0x00007FF63DEE7892+54818]
	(No symbol) [0x00007FF63DE56AC2]
	(No symbol) [0x00007FF63DD0DA3B]
	(No symbol) [0x00007FF63DCEDEE8]
	(No symbol) [0x00007FF63DD73237]
	(No symbol) [0x00007FF63DD86C6F]
	(No symbol) [0x00007FF63DD6E883]
	(No symbol) [0x00007FF63DD43691]
	(No symbol) [0x00007FF63DD448D4]
	GetHandleVerifier [0x00007FF63E24B992+3610402]
	GetHandleVerifier [0x00007FF63E2A1860+3962352]
	GetHandleVerifier [0x00007FF63E299D4F+3930847]
	GetHandleVerifier [0x00007FF63DF83646+693206]
	(No symbol) [0x00007FF63DE61628]
	(No symbol) [0x00007FF63DE5D934]
	(No symbol) [0x00007FF63DE5DA62]
	(No symbol) [0x00007FF63DE4E113]
	BaseThreadInitThunk [0x00007FFFCEB8257D+29]
	RtlUserThreadStart [0x00007FFFCFECAA68+40]
 
2023-09-28 13:49:26 root ERROR
INFO:Cannot parsing the proposal by link: https://www.otpusk.ua/hotel/20634-Alkan_Hotel/2242798830392120/#/!/0/115/0/8.10.2023%C2%B13/1-3/2/!/0/1/!/!/2500-375000/!/!/!/!//uah/!/!/!/!/!/!/5/price
Message: no such window: target window already closed
from unknown error: web view not found
  (Session info: chrome=117.0.5938.92)
Stacktrace:
	GetHandleVerifier [0x00007FF63DEE7892+54818]
	(No symbol) [0x00007FF63DE56AC2]
	(No symbol) [0x00007FF63DD0DA3B]
	(No symbol) [0x00007FF63DCEDEE8]
	(No symbol) [0x00007FF63DD73237]
	(No symbol) [0x00007FF63DD86C6F]
	(No symbol) [0x00007FF63DD6E883]
	(No symbol) [0x00007FF63DD43691]
	(No symbol) [0x00007FF63DD448D4]
	GetHandleVerifier [0x00007FF63E24B992+3610402]
	GetHandleVerifier [0x00007FF63E2A1860+3962352]
	GetHandleVerifier [0x00007FF63E299D4F+3930847]
	GetHandleVerifier [0x00007FF63DF83646+693206]
	(No symbol) [0x00007FF63DE61628]
	(No symbol) [0x00007FF63DE5D934]
	(No symbol) [0x00007FF63DE5DA62]
	(No symbol) [0x00007FF63DE4E113]
	BaseThreadInitThunk [0x00007FFFCEB8257D+29]
	RtlUserThreadStart [0x00007FFFCFECAA68+40]
 
2023-09-28 13:49:26 root ERROR
INFO:Cannot parsing the proposal by link: https://www.otpusk.ua/hotel/20634-Alkan_Hotel/8252812640466180/#/!/0/115/0/8.10.2023%C2%B13/1-3/2/!/0/1/!/!/2500-375000/!/!/!/!//uah/!/!/!/!/!/!/5/price
Message: no such window: target window already closed
from unknown error: web view not found
  (Session info: chrome=117.0.5938.92)
Stacktrace:
	GetHandleVerifier [0x00007FF63DEE7892+54818]
	(No symbol) [0x00007FF63DE56AC2]
	(No symbol) [0x00007FF63DD0DA3B]
	(No symbol) [0x00007FF63DCEDEE8]
	(No symbol) [0x00007FF63DD73237]
	(No symbol) [0x00007FF63DD86C6F]
	(No symbol) [0x00007FF63DD6E883]
	(No symbol) [0x00007FF63DD43691]
	(No symbol) [0x00007FF63DD448D4]
	GetHandleVerifier [0x00007FF63E24B992+3610402]
	GetHandleVerifier [0x00007FF63E2A1860+3962352]
	GetHandleVerifier [0x00007FF63E299D4F+3930847]
	GetHandleVerifier [0x00007FF63DF83646+693206]
	(No symbol) [0x00007FF63DE61628]
	(No symbol) [0x00007FF63DE5D934]
	(No symbol) [0x00007FF63DE5DA62]
	(No symbol) [0x00007FF63DE4E113]
	BaseThreadInitThunk [0x00007FFFCEB8257D+29]
	RtlUserThreadStart [0x00007FFFCFECAA68+40]
 
2023-09-28 13:49:26 root ERROR
INFO:Cannot parsing the proposal by link: https://www.otpusk.ua/hotel/34848-sea_paradise/3762783010282411/#/!/0/115/0/8.10.2023%C2%B13/1-3/2/!/0/1/!/!/2500-375000/!/!/!/!//uah/!/!/!/!/!/!/5/price
Message: no such window: target window already closed
from unknown error: web view not found
  (Session info: chrome=117.0.5938.92)
Stacktrace:
	GetHandleVerifier [0x00007FF63DEE7892+54818]
	(No symbol) [0x00007FF63DE56AC2]
	(No symbol) [0x00007FF63DD0DA3B]
	(No symbol) [0x00007FF63DCEDEE8]
	(No symbol) [0x00007FF63DD73237]
	(No symbol) [0x00007FF63DD86C6F]
	(No symbol) [0x00007FF63DD6E883]
	(No symbol) [0x00007FF63DD43691]
	(No symbol) [0x00007FF63DD448D4]
	GetHandleVerifier [0x00007FF63E24B992+3610402]
	GetHandleVerifier [0x00007FF63E2A1860+3962352]
	GetHandleVerifier [0x00007FF63E299D4F+3930847]
	GetHandleVerifier [0x00007FF63DF83646+693206]
	(No symbol) [0x00007FF63DE61628]
	(No symbol) [0x00007FF63DE5D934]
	(No symbol) [0x00007FF63DE5DA62]
	(No symbol) [0x00007FF63DE4E113]
	BaseThreadInitThunk [0x00007FFFCEB8257D+29]
	RtlUserThreadStart [0x00007FFFCFECAA68+40]
 
2023-09-28 13:49:26 root ERROR
INFO:Cannot parsing the proposal by link: https://www.otpusk.ua/hotel/34848-sea_paradise/3762783010282411/#/!/0/115/0/8.10.2023%C2%B13/1-3/2/!/0/1/!/!/2500-375000/!/!/!/!//uah/!/!/!/!/!/!/5/price
Message: no such window: target window already closed
from unknown error: web view not found
  (Session info: chrome=117.0.5938.92)
Stacktrace:
	GetHandleVerifier [0x00007FF63DEE7892+54818]
	(No symbol) [0x00007FF63DE56AC2]
	(No symbol) [0x00007FF63DD0DA3B]
	(No symbol) [0x00007FF63DCEDEE8]
	(No symbol) [0x00007FF63DD73237]
	(No symbol) [0x00007FF63DD86C6F]
	(No symbol) [0x00007FF63DD6E883]
	(No symbol) [0x00007FF63DD43691]
	(No symbol) [0x00007FF63DD448D4]
	GetHandleVerifier [0x00007FF63E24B992+3610402]
	GetHandleVerifier [0x00007FF63E2A1860+3962352]
	GetHandleVerifier [0x00007FF63E299D4F+3930847]
	GetHandleVerifier [0x00007FF63DF83646+693206]
	(No symbol) [0x00007FF63DE61628]
	(No symbol) [0x00007FF63DE5D934]
	(No symbol) [0x00007FF63DE5DA62]
	(No symbol) [0x00007FF63DE4E113]
	BaseThreadInitThunk [0x00007FFFCEB8257D+29]
	RtlUserThreadStart [0x00007FFFCFECAA68+40]
 
2023-09-28 13:49:26 root ERROR
INFO:Cannot parsing the proposal by link: https://www.otpusk.ua/hotel/34848-sea_paradise/3762783010282411/#/!/0/115/0/8.10.2023%C2%B13/1-3/2/!/0/1/!/!/2500-375000/!/!/!/!//uah/!/!/!/!/!/!/5/price
Message: no such window: target window already closed
from unknown error: web view not found
  (Session info: chrome=117.0.5938.92)
Stacktrace:
	GetHandleVerifier [0x00007FF63DEE7892+54818]
	(No symbol) [0x00007FF63DE56AC2]
	(No symbol) [0x00007FF63DD0DA3B]
	(No symbol) [0x00007FF63DCEDEE8]
	(No symbol) [0x00007FF63DD73237]
	(No symbol) [0x00007FF63DD86C6F]
	(No symbol) [0x00007FF63DD6E883]
	(No symbol) [0x00007FF63DD43691]
	(No symbol) [0x00007FF63DD448D4]
	GetHandleVerifier [0x00007FF63E24B992+3610402]
	GetHandleVerifier [0x00007FF63E2A1860+3962352]
	GetHandleVerifier [0x00007FF63E299D4F+3930847]
	GetHandleVerifier [0x00007FF63DF83646+693206]
	(No symbol) [0x00007FF63DE61628]
	(No symbol) [0x00007FF63DE5D934]
	(No symbol) [0x00007FF63DE5DA62]
	(No symbol) [0x00007FF63DE4E113]
	BaseThreadInitThunk [0x00007FFFCEB8257D+29]
	RtlUserThreadStart [0x00007FFFCFECAA68+40]
 
2023-09-28 13:49:26 root ERROR
INFO:Cannot parsing the proposal by link: https://www.otpusk.ua/hotel/34848-sea_paradise/2782782040367490/#/!/0/115/0/8.10.2023%C2%B13/1-3/2/!/0/1/!/!/2500-375000/!/!/!/!//uah/!/!/!/!/!/!/5/price
Message: no such window: target window already closed
from unknown error: web view not found
  (Session info: chrome=117.0.5938.92)
Stacktrace:
	GetHandleVerifier [0x00007FF63DEE7892+54818]
	(No symbol) [0x00007FF63DE56AC2]
	(No symbol) [0x00007FF63DD0DA3B]
	(No symbol) [0x00007FF63DCEDEE8]
	(No symbol) [0x00007FF63DD73237]
	(No symbol) [0x00007FF63DD86C6F]
	(No symbol) [0x00007FF63DD6E883]
	(No symbol) [0x00007FF63DD43691]
	(No symbol) [0x00007FF63DD448D4]
	GetHandleVerifier [0x00007FF63E24B992+3610402]
	GetHandleVerifier [0x00007FF63E2A1860+3962352]
	GetHandleVerifier [0x00007FF63E299D4F+3930847]
	GetHandleVerifier [0x00007FF63DF83646+693206]
	(No symbol) [0x00007FF63DE61628]
	(No symbol) [0x00007FF63DE5D934]
	(No symbol) [0x00007FF63DE5DA62]
	(No symbol) [0x00007FF63DE4E113]
	BaseThreadInitThunk [0x00007FFFCEB8257D+29]
	RtlUserThreadStart [0x00007FFFCFECAA68+40]
 
2023-09-28 13:49:26 root ERROR
INFO:Cannot parsing the proposal by link: https://www.otpusk.ua/hotel/34848-sea_paradise/1302806400467477/#/!/0/115/0/8.10.2023%C2%B13/1-3/2/!/0/1/!/!/2500-375000/!/!/!/!//uah/!/!/!/!/!/!/5/price
Message: no such window: target window already closed
from unknown error: web view not found
  (Session info: chrome=117.0.5938.92)
Stacktrace:
	GetHandleVerifier [0x00007FF63DEE7892+54818]
	(No symbol) [0x00007FF63DE56AC2]
	(No symbol) [0x00007FF63DD0DA3B]
	(No symbol) [0x00007FF63DCEDEE8]
	(No symbol) [0x00007FF63DD73237]
	(No symbol) [0x00007FF63DD86C6F]
	(No symbol) [0x00007FF63DD6E883]
	(No symbol) [0x00007FF63DD43691]
	(No symbol) [0x00007FF63DD448D4]
	GetHandleVerifier [0x00007FF63E24B992+3610402]
	GetHandleVerifier [0x00007FF63E2A1860+3962352]
	GetHandleVerifier [0x00007FF63E299D4F+3930847]
	GetHandleVerifier [0x00007FF63DF83646+693206]
	(No symbol) [0x00007FF63DE61628]
	(No symbol) [0x00007FF63DE5D934]
	(No symbol) [0x00007FF63DE5DA62]
	(No symbol) [0x00007FF63DE4E113]
	BaseThreadInitThunk [0x00007FFFCEB8257D+29]
	RtlUserThreadStart [0x00007FFFCFECAA68+40]
 
2023-09-28 13:49:26 root ERROR
INFO:Cannot parsing the proposal by link: https://www.otpusk.ua/hotel/57651-honeymoon_beach_hotel/8272818040263120/#/!/0/115/0/8.10.2023%C2%B13/1-3/2/!/0/1/!/!/2500-375000/!/!/!/!//uah/!/!/!/!/!/!/5/price
Message: no such window: target window already closed
from unknown error: web view not found
  (Session info: chrome=117.0.5938.92)
Stacktrace:
	GetHandleVerifier [0x00007FF63DEE7892+54818]
	(No symbol) [0x00007FF63DE56AC2]
	(No symbol) [0x00007FF63DD0DA3B]
	(No symbol) [0x00007FF63DCEDEE8]
	(No symbol) [0x00007FF63DD73237]
	(No symbol) [0x00007FF63DD86C6F]
	(No symbol) [0x00007FF63DD6E883]
	(No symbol) [0x00007FF63DD43691]
	(No symbol) [0x00007FF63DD448D4]
	GetHandleVerifier [0x00007FF63E24B992+3610402]
	GetHandleVerifier [0x00007FF63E2A1860+3962352]
	GetHandleVerifier [0x00007FF63E299D4F+3930847]
	GetHandleVerifier [0x00007FF63DF83646+693206]
	(No symbol) [0x00007FF63DE61628]
	(No symbol) [0x00007FF63DE5D934]
	(No symbol) [0x00007FF63DE5DA62]
	(No symbol) [0x00007FF63DE4E113]
	BaseThreadInitThunk [0x00007FFFCEB8257D+29]
	RtlUserThreadStart [0x00007FFFCFECAA68+40]
 
2023-09-28 13:49:26 root ERROR
INFO:Cannot parsing the proposal by link: https://www.otpusk.ua/hotel/57651-honeymoon_beach_hotel/8272818040263120/#/!/0/115/0/8.10.2023%C2%B13/1-3/2/!/0/1/!/!/2500-375000/!/!/!/!//uah/!/!/!/!/!/!/5/price
Message: no such window: target window already closed
from unknown error: web view not found
  (Session info: chrome=117.0.5938.92)
Stacktrace:
	GetHandleVerifier [0x00007FF63DEE7892+54818]
	(No symbol) [0x00007FF63DE56AC2]
	(No symbol) [0x00007FF63DD0DA3B]
	(No symbol) [0x00007FF63DCEDEE8]
	(No symbol) [0x00007FF63DD73237]
	(No symbol) [0x00007FF63DD86C6F]
	(No symbol) [0x00007FF63DD6E883]
	(No symbol) [0x00007FF63DD43691]
	(No symbol) [0x00007FF63DD448D4]
	GetHandleVerifier [0x00007FF63E24B992+3610402]
	GetHandleVerifier [0x00007FF63E2A1860+3962352]
	GetHandleVerifier [0x00007FF63E299D4F+3930847]
	GetHandleVerifier [0x00007FF63DF83646+693206]
	(No symbol) [0x00007FF63DE61628]
	(No symbol) [0x00007FF63DE5D934]
	(No symbol) [0x00007FF63DE5DA62]
	(No symbol) [0x00007FF63DE4E113]
	BaseThreadInitThunk [0x00007FFFCEB8257D+29]
	RtlUserThreadStart [0x00007FFFCFECAA68+40]
 
2023-09-28 13:49:26 root ERROR
INFO:Cannot parsing the proposal by link: https://www.otpusk.ua/hotel/57651-honeymoon_beach_hotel/8272818040263120/#/!/0/115/0/8.10.2023%C2%B13/1-3/2/!/0/1/!/!/2500-375000/!/!/!/!//uah/!/!/!/!/!/!/5/price
Message: no such window: target window already closed
from unknown error: web view not found
  (Session info: chrome=117.0.5938.92)
Stacktrace:
	GetHandleVerifier [0x00007FF63DEE7892+54818]
	(No symbol) [0x00007FF63DE56AC2]
	(No symbol) [0x00007FF63DD0DA3B]
	(No symbol) [0x00007FF63DCEDEE8]
	(No symbol) [0x00007FF63DD73237]
	(No symbol) [0x00007FF63DD86C6F]
	(No symbol) [0x00007FF63DD6E883]
	(No symbol) [0x00007FF63DD43691]
	(No symbol) [0x00007FF63DD448D4]
	GetHandleVerifier [0x00007FF63E24B992+3610402]
	GetHandleVerifier [0x00007FF63E2A1860+3962352]
	GetHandleVerifier [0x00007FF63E299D4F+3930847]
	GetHandleVerifier [0x00007FF63DF83646+693206]
	(No symbol) [0x00007FF63DE61628]
	(No symbol) [0x00007FF63DE5D934]
	(No symbol) [0x00007FF63DE5DA62]
	(No symbol) [0x00007FF63DE4E113]
	BaseThreadInitThunk [0x00007FFFCEB8257D+29]
	RtlUserThreadStart [0x00007FFFCFECAA68+40]
 
2023-09-28 13:49:26 root ERROR
INFO:Cannot parsing the proposal by link: https://www.otpusk.ua/hotel/57651-honeymoon_beach_hotel/3452802180300153/#/!/0/115/0/8.10.2023%C2%B13/1-3/2/!/0/1/!/!/2500-375000/!/!/!/!//uah/!/!/!/!/!/!/5/price
Message: no such window: target window already closed
from unknown error: web view not found
  (Session info: chrome=117.0.5938.92)
Stacktrace:
	GetHandleVerifier [0x00007FF63DEE7892+54818]
	(No symbol) [0x00007FF63DE56AC2]
	(No symbol) [0x00007FF63DD0DA3B]
	(No symbol) [0x00007FF63DCEDEE8]
	(No symbol) [0x00007FF63DD73237]
	(No symbol) [0x00007FF63DD86C6F]
	(No symbol) [0x00007FF63DD6E883]
	(No symbol) [0x00007FF63DD43691]
	(No symbol) [0x00007FF63DD448D4]
	GetHandleVerifier [0x00007FF63E24B992+3610402]
	GetHandleVerifier [0x00007FF63E2A1860+3962352]
	GetHandleVerifier [0x00007FF63E299D4F+3930847]
	GetHandleVerifier [0x00007FF63DF83646+693206]
	(No symbol) [0x00007FF63DE61628]
	(No symbol) [0x00007FF63DE5D934]
	(No symbol) [0x00007FF63DE5DA62]
	(No symbol) [0x00007FF63DE4E113]
	BaseThreadInitThunk [0x00007FFFCEB8257D+29]
	RtlUserThreadStart [0x00007FFFCFECAA68+40]
 
2023-09-28 13:49:26 root ERROR
INFO:Cannot parsing the proposal by link: https://www.otpusk.ua/hotel/57651-honeymoon_beach_hotel/9232819170413140/#/!/0/115/0/8.10.2023%C2%B13/1-3/2/!/0/1/!/!/2500-375000/!/!/!/!//uah/!/!/!/!/!/!/5/price
Message: no such window: target window already closed
from unknown error: web view not found
  (Session info: chrome=117.0.5938.92)
Stacktrace:
	GetHandleVerifier [0x00007FF63DEE7892+54818]
	(No symbol) [0x00007FF63DE56AC2]
	(No symbol) [0x00007FF63DD0DA3B]
	(No symbol) [0x00007FF63DCEDEE8]
	(No symbol) [0x00007FF63DD73237]
	(No symbol) [0x00007FF63DD86C6F]
	(No symbol) [0x00007FF63DD6E883]
	(No symbol) [0x00007FF63DD43691]
	(No symbol) [0x00007FF63DD448D4]
	GetHandleVerifier [0x00007FF63E24B992+3610402]
	GetHandleVerifier [0x00007FF63E2A1860+3962352]
	GetHandleVerifier [0x00007FF63E299D4F+3930847]
	GetHandleVerifier [0x00007FF63DF83646+693206]
	(No symbol) [0x00007FF63DE61628]
	(No symbol) [0x00007FF63DE5D934]
	(No symbol) [0x00007FF63DE5DA62]
	(No symbol) [0x00007FF63DE4E113]
	BaseThreadInitThunk [0x00007FFFCEB8257D+29]
	RtlUserThreadStart [0x00007FFFCFECAA68+40]
 
2023-09-28 13:49:26 root ERROR
INFO:Cannot parsing the proposal by link: https://www.otpusk.ua/hotel/9615-Meltem_Hotel/1702778080259154/#/!/0/115/0/8.10.2023%C2%B13/1-3/2/!/0/1/!/!/2500-375000/!/!/!/!//uah/!/!/!/!/!/!/5/price
Message: no such window: target window already closed
from unknown error: web view not found
  (Session info: chrome=117.0.5938.92)
Stacktrace:
	GetHandleVerifier [0x00007FF63DEE7892+54818]
	(No symbol) [0x00007FF63DE56AC2]
	(No symbol) [0x00007FF63DD0DA3B]
	(No symbol) [0x00007FF63DCEDEE8]
	(No symbol) [0x00007FF63DD73237]
	(No symbol) [0x00007FF63DD86C6F]
	(No symbol) [0x00007FF63DD6E883]
	(No symbol) [0x00007FF63DD43691]
	(No symbol) [0x00007FF63DD448D4]
	GetHandleVerifier [0x00007FF63E24B992+3610402]
	GetHandleVerifier [0x00007FF63E2A1860+3962352]
	GetHandleVerifier [0x00007FF63E299D4F+3930847]
	GetHandleVerifier [0x00007FF63DF83646+693206]
	(No symbol) [0x00007FF63DE61628]
	(No symbol) [0x00007FF63DE5D934]
	(No symbol) [0x00007FF63DE5DA62]
	(No symbol) [0x00007FF63DE4E113]
	BaseThreadInitThunk [0x00007FFFCEB8257D+29]
	RtlUserThreadStart [0x00007FFFCFECAA68+40]
 
2023-09-28 13:49:26 root ERROR
INFO:Cannot parsing the proposal by link: https://www.otpusk.ua/hotel/9615-Meltem_Hotel/1702778080259154/#/!/0/115/0/8.10.2023%C2%B13/1-3/2/!/0/1/!/!/2500-375000/!/!/!/!//uah/!/!/!/!/!/!/5/price
Message: no such window: target window already closed
from unknown error: web view not found
  (Session info: chrome=117.0.5938.92)
Stacktrace:
	GetHandleVerifier [0x00007FF63DEE7892+54818]
	(No symbol) [0x00007FF63DE56AC2]
	(No symbol) [0x00007FF63DD0DA3B]
	(No symbol) [0x00007FF63DCEDEE8]
	(No symbol) [0x00007FF63DD73237]
	(No symbol) [0x00007FF63DD86C6F]
	(No symbol) [0x00007FF63DD6E883]
	(No symbol) [0x00007FF63DD43691]
	(No symbol) [0x00007FF63DD448D4]
	GetHandleVerifier [0x00007FF63E24B992+3610402]
	GetHandleVerifier [0x00007FF63E2A1860+3962352]
	GetHandleVerifier [0x00007FF63E299D4F+3930847]
	GetHandleVerifier [0x00007FF63DF83646+693206]
	(No symbol) [0x00007FF63DE61628]
	(No symbol) [0x00007FF63DE5D934]
	(No symbol) [0x00007FF63DE5DA62]
	(No symbol) [0x00007FF63DE4E113]
	BaseThreadInitThunk [0x00007FFFCEB8257D+29]
	RtlUserThreadStart [0x00007FFFCFECAA68+40]
 
2023-09-28 13:49:26 root ERROR
INFO:Cannot parsing the proposal by link: https://www.otpusk.ua/hotel/9615-Meltem_Hotel/1702778080259154/#/!/0/115/0/8.10.2023%C2%B13/1-3/2/!/0/1/!/!/2500-375000/!/!/!/!//uah/!/!/!/!/!/!/5/price
Message: no such window: target window already closed
from unknown error: web view not found
  (Session info: chrome=117.0.5938.92)
Stacktrace:
	GetHandleVerifier [0x00007FF63DEE7892+54818]
	(No symbol) [0x00007FF63DE56AC2]
	(No symbol) [0x00007FF63DD0DA3B]
	(No symbol) [0x00007FF63DCEDEE8]
	(No symbol) [0x00007FF63DD73237]
	(No symbol) [0x00007FF63DD86C6F]
	(No symbol) [0x00007FF63DD6E883]
	(No symbol) [0x00007FF63DD43691]
	(No symbol) [0x00007FF63DD448D4]
	GetHandleVerifier [0x00007FF63E24B992+3610402]
	GetHandleVerifier [0x00007FF63E2A1860+3962352]
	GetHandleVerifier [0x00007FF63E299D4F+3930847]
	GetHandleVerifier [0x00007FF63DF83646+693206]
	(No symbol) [0x00007FF63DE61628]
	(No symbol) [0x00007FF63DE5D934]
	(No symbol) [0x00007FF63DE5DA62]
	(No symbol) [0x00007FF63DE4E113]
	BaseThreadInitThunk [0x00007FFFCEB8257D+29]
	RtlUserThreadStart [0x00007FFFCFECAA68+40]
 
2023-09-28 13:49:26 root ERROR
INFO:Cannot parsing the proposal by link: https://www.otpusk.ua/hotel/9615-Meltem_Hotel/3252776840461174/#/!/0/115/0/8.10.2023%C2%B13/1-3/2/!/0/1/!/!/2500-375000/!/!/!/!//uah/!/!/!/!/!/!/5/price
Message: no such window: target window already closed
from unknown error: web view not found
  (Session info: chrome=117.0.5938.92)
Stacktrace:
	GetHandleVerifier [0x00007FF63DEE7892+54818]
	(No symbol) [0x00007FF63DE56AC2]
	(No symbol) [0x00007FF63DD0DA3B]
	(No symbol) [0x00007FF63DCEDEE8]
	(No symbol) [0x00007FF63DD73237]
	(No symbol) [0x00007FF63DD86C6F]
	(No symbol) [0x00007FF63DD6E883]
	(No symbol) [0x00007FF63DD43691]
	(No symbol) [0x00007FF63DD448D4]
	GetHandleVerifier [0x00007FF63E24B992+3610402]
	GetHandleVerifier [0x00007FF63E2A1860+3962352]
	GetHandleVerifier [0x00007FF63E299D4F+3930847]
	GetHandleVerifier [0x00007FF63DF83646+693206]
	(No symbol) [0x00007FF63DE61628]
	(No symbol) [0x00007FF63DE5D934]
	(No symbol) [0x00007FF63DE5DA62]
	(No symbol) [0x00007FF63DE4E113]
	BaseThreadInitThunk [0x00007FFFCEB8257D+29]
	RtlUserThreadStart [0x00007FFFCFECAA68+40]
 
2023-09-28 13:49:26 root ERROR
INFO:Cannot parsing the proposal by link: https://www.otpusk.ua/hotel/16685-kingas_hotel/1762773550231464/#/!/0/115/0/8.10.2023%C2%B13/1-3/2/!/0/1/!/!/2500-375000/!/!/!/!//uah/!/!/!/!/!/!/5/price
Message: no such window: target window already closed
from unknown error: web view not found
  (Session info: chrome=117.0.5938.92)
Stacktrace:
	GetHandleVerifier [0x00007FF63DEE7892+54818]
	(No symbol) [0x00007FF63DE56AC2]
	(No symbol) [0x00007FF63DD0DA3B]
	(No symbol) [0x00007FF63DCEDEE8]
	(No symbol) [0x00007FF63DD73237]
	(No symbol) [0x00007FF63DD86C6F]
	(No symbol) [0x00007FF63DD6E883]
	(No symbol) [0x00007FF63DD43691]
	(No symbol) [0x00007FF63DD448D4]
	GetHandleVerifier [0x00007FF63E24B992+3610402]
	GetHandleVerifier [0x00007FF63E2A1860+3962352]
	GetHandleVerifier [0x00007FF63E299D4F+3930847]
	GetHandleVerifier [0x00007FF63DF83646+693206]
	(No symbol) [0x00007FF63DE61628]
	(No symbol) [0x00007FF63DE5D934]
	(No symbol) [0x00007FF63DE5DA62]
	(No symbol) [0x00007FF63DE4E113]
	BaseThreadInitThunk [0x00007FFFCEB8257D+29]
	RtlUserThreadStart [0x00007FFFCFECAA68+40]
 
2023-09-28 13:49:26 root ERROR
INFO:Cannot parsing the proposal by link: https://www.otpusk.ua/hotel/16685-kingas_hotel/1762773550231464/#/!/0/115/0/8.10.2023%C2%B13/1-3/2/!/0/1/!/!/2500-375000/!/!/!/!//uah/!/!/!/!/!/!/5/price
Message: no such window: target window already closed
from unknown error: web view not found
  (Session info: chrome=117.0.5938.92)
Stacktrace:
	GetHandleVerifier [0x00007FF63DEE7892+54818]
	(No symbol) [0x00007FF63DE56AC2]
	(No symbol) [0x00007FF63DD0DA3B]
	(No symbol) [0x00007FF63DCEDEE8]
	(No symbol) [0x00007FF63DD73237]
	(No symbol) [0x00007FF63DD86C6F]
	(No symbol) [0x00007FF63DD6E883]
	(No symbol) [0x00007FF63DD43691]
	(No symbol) [0x00007FF63DD448D4]
	GetHandleVerifier [0x00007FF63E24B992+3610402]
	GetHandleVerifier [0x00007FF63E2A1860+3962352]
	GetHandleVerifier [0x00007FF63E299D4F+3930847]
	GetHandleVerifier [0x00007FF63DF83646+693206]
	(No symbol) [0x00007FF63DE61628]
	(No symbol) [0x00007FF63DE5D934]
	(No symbol) [0x00007FF63DE5DA62]
	(No symbol) [0x00007FF63DE4E113]
	BaseThreadInitThunk [0x00007FFFCEB8257D+29]
	RtlUserThreadStart [0x00007FFFCFECAA68+40]
 
2023-09-28 13:49:26 root ERROR
INFO:Cannot parsing the proposal by link: https://www.otpusk.ua/hotel/16685-kingas_hotel/1762773550231464/#/!/0/115/0/8.10.2023%C2%B13/1-3/2/!/0/1/!/!/2500-375000/!/!/!/!//uah/!/!/!/!/!/!/5/price
Message: no such window: target window already closed
from unknown error: web view not found
  (Session info: chrome=117.0.5938.92)
Stacktrace:
	GetHandleVerifier [0x00007FF63DEE7892+54818]
	(No symbol) [0x00007FF63DE56AC2]
	(No symbol) [0x00007FF63DD0DA3B]
	(No symbol) [0x00007FF63DCEDEE8]
	(No symbol) [0x00007FF63DD73237]
	(No symbol) [0x00007FF63DD86C6F]
	(No symbol) [0x00007FF63DD6E883]
	(No symbol) [0x00007FF63DD43691]
	(No symbol) [0x00007FF63DD448D4]
	GetHandleVerifier [0x00007FF63E24B992+3610402]
	GetHandleVerifier [0x00007FF63E2A1860+3962352]
	GetHandleVerifier [0x00007FF63E299D4F+3930847]
	GetHandleVerifier [0x00007FF63DF83646+693206]
	(No symbol) [0x00007FF63DE61628]
	(No symbol) [0x00007FF63DE5D934]
	(No symbol) [0x00007FF63DE5DA62]
	(No symbol) [0x00007FF63DE4E113]
	BaseThreadInitThunk [0x00007FFFCEB8257D+29]
	RtlUserThreadStart [0x00007FFFCFECAA68+40]
 
2023-09-28 13:49:26 root ERROR
INFO:Cannot parsing the proposal by link: https://www.otpusk.ua/hotel/16685-kingas_hotel/1242796160376404/#/!/0/115/0/8.10.2023%C2%B13/1-3/2/!/0/1/!/!/2500-375000/!/!/!/!//uah/!/!/!/!/!/!/5/price
Message: no such window: target window already closed
from unknown error: web view not found
  (Session info: chrome=117.0.5938.92)
Stacktrace:
	GetHandleVerifier [0x00007FF63DEE7892+54818]
	(No symbol) [0x00007FF63DE56AC2]
	(No symbol) [0x00007FF63DD0DA3B]
	(No symbol) [0x00007FF63DCEDEE8]
	(No symbol) [0x00007FF63DD73237]
	(No symbol) [0x00007FF63DD86C6F]
	(No symbol) [0x00007FF63DD6E883]
	(No symbol) [0x00007FF63DD43691]
	(No symbol) [0x00007FF63DD448D4]
	GetHandleVerifier [0x00007FF63E24B992+3610402]
	GetHandleVerifier [0x00007FF63E2A1860+3962352]
	GetHandleVerifier [0x00007FF63E299D4F+3930847]
	GetHandleVerifier [0x00007FF63DF83646+693206]
	(No symbol) [0x00007FF63DE61628]
	(No symbol) [0x00007FF63DE5D934]
	(No symbol) [0x00007FF63DE5DA62]
	(No symbol) [0x00007FF63DE4E113]
	BaseThreadInitThunk [0x00007FFFCEB8257D+29]
	RtlUserThreadStart [0x00007FFFCFECAA68+40]
 
2023-09-28 13:49:26 root ERROR
INFO:Cannot parsing the proposal by link: https://www.otpusk.ua/hotel/16685-kingas_hotel/3202775060498480/#/!/0/115/0/8.10.2023%C2%B13/1-3/2/!/0/1/!/!/2500-375000/!/!/!/!//uah/!/!/!/!/!/!/5/price
Message: no such window: target window already closed
from unknown error: web view not found
  (Session info: chrome=117.0.5938.92)
Stacktrace:
	GetHandleVerifier [0x00007FF63DEE7892+54818]
	(No symbol) [0x00007FF63DE56AC2]
	(No symbol) [0x00007FF63DD0DA3B]
	(No symbol) [0x00007FF63DCEDEE8]
	(No symbol) [0x00007FF63DD73237]
	(No symbol) [0x00007FF63DD86C6F]
	(No symbol) [0x00007FF63DD6E883]
	(No symbol) [0x00007FF63DD43691]
	(No symbol) [0x00007FF63DD448D4]
	GetHandleVerifier [0x00007FF63E24B992+3610402]
	GetHandleVerifier [0x00007FF63E2A1860+3962352]
	GetHandleVerifier [0x00007FF63E299D4F+3930847]
	GetHandleVerifier [0x00007FF63DF83646+693206]
	(No symbol) [0x00007FF63DE61628]
	(No symbol) [0x00007FF63DE5D934]
	(No symbol) [0x00007FF63DE5DA62]
	(No symbol) [0x00007FF63DE4E113]
	BaseThreadInitThunk [0x00007FFFCEB8257D+29]
	RtlUserThreadStart [0x00007FFFCFECAA68+40]
 
2023-09-28 13:49:26 root ERROR
INFO:Cannot parsing the proposal by link: https://www.otpusk.ua/hotel/25951-Himeros_Beach_Hotel/1142775380265469/#/!/0/115/0/8.10.2023%C2%B13/1-3/2/!/0/1/!/!/2500-375000/!/!/!/!//uah/!/!/!/!/!/!/5/price
Message: no such window: target window already closed
from unknown error: web view not found
  (Session info: chrome=117.0.5938.92)
Stacktrace:
	GetHandleVerifier [0x00007FF63DEE7892+54818]
	(No symbol) [0x00007FF63DE56AC2]
	(No symbol) [0x00007FF63DD0DA3B]
	(No symbol) [0x00007FF63DCEDEE8]
	(No symbol) [0x00007FF63DD73237]
	(No symbol) [0x00007FF63DD86C6F]
	(No symbol) [0x00007FF63DD6E883]
	(No symbol) [0x00007FF63DD43691]
	(No symbol) [0x00007FF63DD448D4]
	GetHandleVerifier [0x00007FF63E24B992+3610402]
	GetHandleVerifier [0x00007FF63E2A1860+3962352]
	GetHandleVerifier [0x00007FF63E299D4F+3930847]
	GetHandleVerifier [0x00007FF63DF83646+693206]
	(No symbol) [0x00007FF63DE61628]
	(No symbol) [0x00007FF63DE5D934]
	(No symbol) [0x00007FF63DE5DA62]
	(No symbol) [0x00007FF63DE4E113]
	BaseThreadInitThunk [0x00007FFFCEB8257D+29]
	RtlUserThreadStart [0x00007FFFCFECAA68+40]
 
2023-09-28 13:49:26 root ERROR
INFO:Cannot parsing the proposal by link: https://www.otpusk.ua/hotel/25951-Himeros_Beach_Hotel/1142775380265469/#/!/0/115/0/8.10.2023%C2%B13/1-3/2/!/0/1/!/!/2500-375000/!/!/!/!//uah/!/!/!/!/!/!/5/price
Message: no such window: target window already closed
from unknown error: web view not found
  (Session info: chrome=117.0.5938.92)
Stacktrace:
	GetHandleVerifier [0x00007FF63DEE7892+54818]
	(No symbol) [0x00007FF63DE56AC2]
	(No symbol) [0x00007FF63DD0DA3B]
	(No symbol) [0x00007FF63DCEDEE8]
	(No symbol) [0x00007FF63DD73237]
	(No symbol) [0x00007FF63DD86C6F]
	(No symbol) [0x00007FF63DD6E883]
	(No symbol) [0x00007FF63DD43691]
	(No symbol) [0x00007FF63DD448D4]
	GetHandleVerifier [0x00007FF63E24B992+3610402]
	GetHandleVerifier [0x00007FF63E2A1860+3962352]
	GetHandleVerifier [0x00007FF63E299D4F+3930847]
	GetHandleVerifier [0x00007FF63DF83646+693206]
	(No symbol) [0x00007FF63DE61628]
	(No symbol) [0x00007FF63DE5D934]
	(No symbol) [0x00007FF63DE5DA62]
	(No symbol) [0x00007FF63DE4E113]
	BaseThreadInitThunk [0x00007FFFCEB8257D+29]
	RtlUserThreadStart [0x00007FFFCFECAA68+40]
 
2023-09-28 13:49:26 root ERROR
INFO:Cannot parsing the proposal by link: https://www.otpusk.ua/hotel/25951-Himeros_Beach_Hotel/1142775380265469/#/!/0/115/0/8.10.2023%C2%B13/1-3/2/!/0/1/!/!/2500-375000/!/!/!/!//uah/!/!/!/!/!/!/5/price
Message: no such window: target window already closed
from unknown error: web view not found
  (Session info: chrome=117.0.5938.92)
Stacktrace:
	GetHandleVerifier [0x00007FF63DEE7892+54818]
	(No symbol) [0x00007FF63DE56AC2]
	(No symbol) [0x00007FF63DD0DA3B]
	(No symbol) [0x00007FF63DCEDEE8]
	(No symbol) [0x00007FF63DD73237]
	(No symbol) [0x00007FF63DD86C6F]
	(No symbol) [0x00007FF63DD6E883]
	(No symbol) [0x00007FF63DD43691]
	(No symbol) [0x00007FF63DD448D4]
	GetHandleVerifier [0x00007FF63E24B992+3610402]
	GetHandleVerifier [0x00007FF63E2A1860+3962352]
	GetHandleVerifier [0x00007FF63E299D4F+3930847]
	GetHandleVerifier [0x00007FF63DF83646+693206]
	(No symbol) [0x00007FF63DE61628]
	(No symbol) [0x00007FF63DE5D934]
	(No symbol) [0x00007FF63DE5DA62]
	(No symbol) [0x00007FF63DE4E113]
	BaseThreadInitThunk [0x00007FFFCEB8257D+29]
	RtlUserThreadStart [0x00007FFFCFECAA68+40]
 
2023-09-28 13:49:26 root ERROR
INFO:Cannot parsing the proposal by link: https://www.otpusk.ua/hotel/25951-Himeros_Beach_Hotel/2902778250377467/#/!/0/115/0/8.10.2023%C2%B13/1-3/2/!/0/1/!/!/2500-375000/!/!/!/!//uah/!/!/!/!/!/!/5/price
Message: no such window: target window already closed
from unknown error: web view not found
  (Session info: chrome=117.0.5938.92)
Stacktrace:
	GetHandleVerifier [0x00007FF63DEE7892+54818]
	(No symbol) [0x00007FF63DE56AC2]
	(No symbol) [0x00007FF63DD0DA3B]
	(No symbol) [0x00007FF63DCEDEE8]
	(No symbol) [0x00007FF63DD73237]
	(No symbol) [0x00007FF63DD86C6F]
	(No symbol) [0x00007FF63DD6E883]
	(No symbol) [0x00007FF63DD43691]
	(No symbol) [0x00007FF63DD448D4]
	GetHandleVerifier [0x00007FF63E24B992+3610402]
	GetHandleVerifier [0x00007FF63E2A1860+3962352]
	GetHandleVerifier [0x00007FF63E299D4F+3930847]
	GetHandleVerifier [0x00007FF63DF83646+693206]
	(No symbol) [0x00007FF63DE61628]
	(No symbol) [0x00007FF63DE5D934]
	(No symbol) [0x00007FF63DE5DA62]
	(No symbol) [0x00007FF63DE4E113]
	BaseThreadInitThunk [0x00007FFFCEB8257D+29]
	RtlUserThreadStart [0x00007FFFCFECAA68+40]
 
2023-09-28 13:49:26 root ERROR
INFO:Cannot parsing the proposal by link: https://www.otpusk.ua/hotel/25951-Himeros_Beach_Hotel/3492777130448405/#/!/0/115/0/8.10.2023%C2%B13/1-3/2/!/0/1/!/!/2500-375000/!/!/!/!//uah/!/!/!/!/!/!/5/price
Message: no such window: target window already closed
from unknown error: web view not found
  (Session info: chrome=117.0.5938.92)
Stacktrace:
	GetHandleVerifier [0x00007FF63DEE7892+54818]
	(No symbol) [0x00007FF63DE56AC2]
	(No symbol) [0x00007FF63DD0DA3B]
	(No symbol) [0x00007FF63DCEDEE8]
	(No symbol) [0x00007FF63DD73237]
	(No symbol) [0x00007FF63DD86C6F]
	(No symbol) [0x00007FF63DD6E883]
	(No symbol) [0x00007FF63DD43691]
	(No symbol) [0x00007FF63DD448D4]
	GetHandleVerifier [0x00007FF63E24B992+3610402]
	GetHandleVerifier [0x00007FF63E2A1860+3962352]
	GetHandleVerifier [0x00007FF63E299D4F+3930847]
	GetHandleVerifier [0x00007FF63DF83646+693206]
	(No symbol) [0x00007FF63DE61628]
	(No symbol) [0x00007FF63DE5D934]
	(No symbol) [0x00007FF63DE5DA62]
	(No symbol) [0x00007FF63DE4E113]
	BaseThreadInitThunk [0x00007FFFCEB8257D+29]
	RtlUserThreadStart [0x00007FFFCFECAA68+40]
 
2023-09-28 13:49:26 root ERROR
INFO:Cannot parsing the proposal by link: https://www.otpusk.ua/hotel/45713-Alin_Hotel/4522770980244150/#/!/0/115/0/8.10.2023%C2%B13/1-3/2/!/0/1/!/!/2500-375000/!/!/!/!//uah/!/!/!/!/!/!/5/price
Message: no such window: target window already closed
from unknown error: web view not found
  (Session info: chrome=117.0.5938.92)
Stacktrace:
	GetHandleVerifier [0x00007FF63DEE7892+54818]
	(No symbol) [0x00007FF63DE56AC2]
	(No symbol) [0x00007FF63DD0DA3B]
	(No symbol) [0x00007FF63DCEDEE8]
	(No symbol) [0x00007FF63DD73237]
	(No symbol) [0x00007FF63DD86C6F]
	(No symbol) [0x00007FF63DD6E883]
	(No symbol) [0x00007FF63DD43691]
	(No symbol) [0x00007FF63DD448D4]
	GetHandleVerifier [0x00007FF63E24B992+3610402]
	GetHandleVerifier [0x00007FF63E2A1860+3962352]
	GetHandleVerifier [0x00007FF63E299D4F+3930847]
	GetHandleVerifier [0x00007FF63DF83646+693206]
	(No symbol) [0x00007FF63DE61628]
	(No symbol) [0x00007FF63DE5D934]
	(No symbol) [0x00007FF63DE5DA62]
	(No symbol) [0x00007FF63DE4E113]
	BaseThreadInitThunk [0x00007FFFCEB8257D+29]
	RtlUserThreadStart [0x00007FFFCFECAA68+40]
 
2023-09-28 13:49:26 root ERROR
INFO:Cannot parsing the proposal by link: https://www.otpusk.ua/hotel/45713-Alin_Hotel/4522770980244150/#/!/0/115/0/8.10.2023%C2%B13/1-3/2/!/0/1/!/!/2500-375000/!/!/!/!//uah/!/!/!/!/!/!/5/price
Message: no such window: target window already closed
from unknown error: web view not found
  (Session info: chrome=117.0.5938.92)
Stacktrace:
	GetHandleVerifier [0x00007FF63DEE7892+54818]
	(No symbol) [0x00007FF63DE56AC2]
	(No symbol) [0x00007FF63DD0DA3B]
	(No symbol) [0x00007FF63DCEDEE8]
	(No symbol) [0x00007FF63DD73237]
	(No symbol) [0x00007FF63DD86C6F]
	(No symbol) [0x00007FF63DD6E883]
	(No symbol) [0x00007FF63DD43691]
	(No symbol) [0x00007FF63DD448D4]
	GetHandleVerifier [0x00007FF63E24B992+3610402]
	GetHandleVerifier [0x00007FF63E2A1860+3962352]
	GetHandleVerifier [0x00007FF63E299D4F+3930847]
	GetHandleVerifier [0x00007FF63DF83646+693206]
	(No symbol) [0x00007FF63DE61628]
	(No symbol) [0x00007FF63DE5D934]
	(No symbol) [0x00007FF63DE5DA62]
	(No symbol) [0x00007FF63DE4E113]
	BaseThreadInitThunk [0x00007FFFCEB8257D+29]
	RtlUserThreadStart [0x00007FFFCFECAA68+40]
 
2023-09-28 13:49:26 root ERROR
INFO:Cannot parsing the proposal by link: https://www.otpusk.ua/hotel/45713-Alin_Hotel/4522770980244150/#/!/0/115/0/8.10.2023%C2%B13/1-3/2/!/0/1/!/!/2500-375000/!/!/!/!//uah/!/!/!/!/!/!/5/price
Message: no such window: target window already closed
from unknown error: web view not found
  (Session info: chrome=117.0.5938.92)
Stacktrace:
	GetHandleVerifier [0x00007FF63DEE7892+54818]
	(No symbol) [0x00007FF63DE56AC2]
	(No symbol) [0x00007FF63DD0DA3B]
	(No symbol) [0x00007FF63DCEDEE8]
	(No symbol) [0x00007FF63DD73237]
	(No symbol) [0x00007FF63DD86C6F]
	(No symbol) [0x00007FF63DD6E883]
	(No symbol) [0x00007FF63DD43691]
	(No symbol) [0x00007FF63DD448D4]
	GetHandleVerifier [0x00007FF63E24B992+3610402]
	GetHandleVerifier [0x00007FF63E2A1860+3962352]
	GetHandleVerifier [0x00007FF63E299D4F+3930847]
	GetHandleVerifier [0x00007FF63DF83646+693206]
	(No symbol) [0x00007FF63DE61628]
	(No symbol) [0x00007FF63DE5D934]
	(No symbol) [0x00007FF63DE5DA62]
	(No symbol) [0x00007FF63DE4E113]
	BaseThreadInitThunk [0x00007FFFCEB8257D+29]
	RtlUserThreadStart [0x00007FFFCFECAA68+40]
 
2023-09-28 13:49:26 root ERROR
INFO:Cannot parsing the proposal by link: https://www.otpusk.ua/hotel/45713-Alin_Hotel/2732786900313196/#/!/0/115/0/8.10.2023%C2%B13/1-3/2/!/0/1/!/!/2500-375000/!/!/!/!//uah/!/!/!/!/!/!/5/price
Message: no such window: target window already closed
from unknown error: web view not found
  (Session info: chrome=117.0.5938.92)
Stacktrace:
	GetHandleVerifier [0x00007FF63DEE7892+54818]
	(No symbol) [0x00007FF63DE56AC2]
	(No symbol) [0x00007FF63DD0DA3B]
	(No symbol) [0x00007FF63DCEDEE8]
	(No symbol) [0x00007FF63DD73237]
	(No symbol) [0x00007FF63DD86C6F]
	(No symbol) [0x00007FF63DD6E883]
	(No symbol) [0x00007FF63DD43691]
	(No symbol) [0x00007FF63DD448D4]
	GetHandleVerifier [0x00007FF63E24B992+3610402]
	GetHandleVerifier [0x00007FF63E2A1860+3962352]
	GetHandleVerifier [0x00007FF63E299D4F+3930847]
	GetHandleVerifier [0x00007FF63DF83646+693206]
	(No symbol) [0x00007FF63DE61628]
	(No symbol) [0x00007FF63DE5D934]
	(No symbol) [0x00007FF63DE5DA62]
	(No symbol) [0x00007FF63DE4E113]
	BaseThreadInitThunk [0x00007FFFCEB8257D+29]
	RtlUserThreadStart [0x00007FFFCFECAA68+40]
 
2023-09-28 13:49:26 root ERROR
INFO:Cannot parsing the proposal by link: https://www.otpusk.ua/hotel/45713-Alin_Hotel/3752778850400187/#/!/0/115/0/8.10.2023%C2%B13/1-3/2/!/0/1/!/!/2500-375000/!/!/!/!//uah/!/!/!/!/!/!/5/price
Message: no such window: target window already closed
from unknown error: web view not found
  (Session info: chrome=117.0.5938.92)
Stacktrace:
	GetHandleVerifier [0x00007FF63DEE7892+54818]
	(No symbol) [0x00007FF63DE56AC2]
	(No symbol) [0x00007FF63DD0DA3B]
	(No symbol) [0x00007FF63DCEDEE8]
	(No symbol) [0x00007FF63DD73237]
	(No symbol) [0x00007FF63DD86C6F]
	(No symbol) [0x00007FF63DD6E883]
	(No symbol) [0x00007FF63DD43691]
	(No symbol) [0x00007FF63DD448D4]
	GetHandleVerifier [0x00007FF63E24B992+3610402]
	GetHandleVerifier [0x00007FF63E2A1860+3962352]
	GetHandleVerifier [0x00007FF63E299D4F+3930847]
	GetHandleVerifier [0x00007FF63DF83646+693206]
	(No symbol) [0x00007FF63DE61628]
	(No symbol) [0x00007FF63DE5D934]
	(No symbol) [0x00007FF63DE5DA62]
	(No symbol) [0x00007FF63DE4E113]
	BaseThreadInitThunk [0x00007FFFCEB8257D+29]
	RtlUserThreadStart [0x00007FFFCFECAA68+40]
 
2023-09-28 13:49:26 root ERROR
INFO:Cannot parsing the proposal by link: https://www.otpusk.ua/hotel/89796-Kleopatra_Smile_Hotel/2372773720252122/#/!/0/115/0/8.10.2023%C2%B13/1-3/2/!/0/1/!/!/2500-375000/!/!/!/!//uah/!/!/!/!/!/!/5/price
Message: no such window: target window already closed
from unknown error: web view not found
  (Session info: chrome=117.0.5938.92)
Stacktrace:
	GetHandleVerifier [0x00007FF63DEE7892+54818]
	(No symbol) [0x00007FF63DE56AC2]
	(No symbol) [0x00007FF63DD0DA3B]
	(No symbol) [0x00007FF63DCEDEE8]
	(No symbol) [0x00007FF63DD73237]
	(No symbol) [0x00007FF63DD86C6F]
	(No symbol) [0x00007FF63DD6E883]
	(No symbol) [0x00007FF63DD43691]
	(No symbol) [0x00007FF63DD448D4]
	GetHandleVerifier [0x00007FF63E24B992+3610402]
	GetHandleVerifier [0x00007FF63E2A1860+3962352]
	GetHandleVerifier [0x00007FF63E299D4F+3930847]
	GetHandleVerifier [0x00007FF63DF83646+693206]
	(No symbol) [0x00007FF63DE61628]
	(No symbol) [0x00007FF63DE5D934]
	(No symbol) [0x00007FF63DE5DA62]
	(No symbol) [0x00007FF63DE4E113]
	BaseThreadInitThunk [0x00007FFFCEB8257D+29]
	RtlUserThreadStart [0x00007FFFCFECAA68+40]
 
2023-09-28 13:49:26 root ERROR
INFO:Cannot parsing the proposal by link: https://www.otpusk.ua/hotel/89796-Kleopatra_Smile_Hotel/2372773720252122/#/!/0/115/0/8.10.2023%C2%B13/1-3/2/!/0/1/!/!/2500-375000/!/!/!/!//uah/!/!/!/!/!/!/5/price
Message: no such window: target window already closed
from unknown error: web view not found
  (Session info: chrome=117.0.5938.92)
Stacktrace:
	GetHandleVerifier [0x00007FF63DEE7892+54818]
	(No symbol) [0x00007FF63DE56AC2]
	(No symbol) [0x00007FF63DD0DA3B]
	(No symbol) [0x00007FF63DCEDEE8]
	(No symbol) [0x00007FF63DD73237]
	(No symbol) [0x00007FF63DD86C6F]
	(No symbol) [0x00007FF63DD6E883]
	(No symbol) [0x00007FF63DD43691]
	(No symbol) [0x00007FF63DD448D4]
	GetHandleVerifier [0x00007FF63E24B992+3610402]
	GetHandleVerifier [0x00007FF63E2A1860+3962352]
	GetHandleVerifier [0x00007FF63E299D4F+3930847]
	GetHandleVerifier [0x00007FF63DF83646+693206]
	(No symbol) [0x00007FF63DE61628]
	(No symbol) [0x00007FF63DE5D934]
	(No symbol) [0x00007FF63DE5DA62]
	(No symbol) [0x00007FF63DE4E113]
	BaseThreadInitThunk [0x00007FFFCEB8257D+29]
	RtlUserThreadStart [0x00007FFFCFECAA68+40]
 
2023-09-28 13:49:26 root ERROR
INFO:Cannot parsing the proposal by link: https://www.otpusk.ua/hotel/89796-Kleopatra_Smile_Hotel/2372773720252122/#/!/0/115/0/8.10.2023%C2%B13/1-3/2/!/0/1/!/!/2500-375000/!/!/!/!//uah/!/!/!/!/!/!/5/price
Message: no such window: target window already closed
from unknown error: web view not found
  (Session info: chrome=117.0.5938.92)
Stacktrace:
	GetHandleVerifier [0x00007FF63DEE7892+54818]
	(No symbol) [0x00007FF63DE56AC2]
	(No symbol) [0x00007FF63DD0DA3B]
	(No symbol) [0x00007FF63DCEDEE8]
	(No symbol) [0x00007FF63DD73237]
	(No symbol) [0x00007FF63DD86C6F]
	(No symbol) [0x00007FF63DD6E883]
	(No symbol) [0x00007FF63DD43691]
	(No symbol) [0x00007FF63DD448D4]
	GetHandleVerifier [0x00007FF63E24B992+3610402]
	GetHandleVerifier [0x00007FF63E2A1860+3962352]
	GetHandleVerifier [0x00007FF63E299D4F+3930847]
	GetHandleVerifier [0x00007FF63DF83646+693206]
	(No symbol) [0x00007FF63DE61628]
	(No symbol) [0x00007FF63DE5D934]
	(No symbol) [0x00007FF63DE5DA62]
	(No symbol) [0x00007FF63DE4E113]
	BaseThreadInitThunk [0x00007FFFCEB8257D+29]
	RtlUserThreadStart [0x00007FFFCFECAA68+40]
 
2023-09-28 13:49:26 root ERROR
INFO:Cannot parsing the proposal by link: https://www.otpusk.ua/hotel/89796-Kleopatra_Smile_Hotel/4182781810339120/#/!/0/115/0/8.10.2023%C2%B13/1-3/2/!/0/1/!/!/2500-375000/!/!/!/!//uah/!/!/!/!/!/!/5/price
Message: no such window: target window already closed
from unknown error: web view not found
  (Session info: chrome=117.0.5938.92)
Stacktrace:
	GetHandleVerifier [0x00007FF63DEE7892+54818]
	(No symbol) [0x00007FF63DE56AC2]
	(No symbol) [0x00007FF63DD0DA3B]
	(No symbol) [0x00007FF63DCEDEE8]
	(No symbol) [0x00007FF63DD73237]
	(No symbol) [0x00007FF63DD86C6F]
	(No symbol) [0x00007FF63DD6E883]
	(No symbol) [0x00007FF63DD43691]
	(No symbol) [0x00007FF63DD448D4]
	GetHandleVerifier [0x00007FF63E24B992+3610402]
	GetHandleVerifier [0x00007FF63E2A1860+3962352]
	GetHandleVerifier [0x00007FF63E299D4F+3930847]
	GetHandleVerifier [0x00007FF63DF83646+693206]
	(No symbol) [0x00007FF63DE61628]
	(No symbol) [0x00007FF63DE5D934]
	(No symbol) [0x00007FF63DE5DA62]
	(No symbol) [0x00007FF63DE4E113]
	BaseThreadInitThunk [0x00007FFFCEB8257D+29]
	RtlUserThreadStart [0x00007FFFCFECAA68+40]
 
2023-09-28 13:49:26 root ERROR
INFO:Cannot parsing the proposal by link: https://www.otpusk.ua/hotel/89796-Kleopatra_Smile_Hotel/2892837490476107/#/!/0/115/0/8.10.2023%C2%B13/1-3/2/!/0/1/!/!/2500-375000/!/!/!/!//uah/!/!/!/!/!/!/5/price
Message: no such window: target window already closed
from unknown error: web view not found
  (Session info: chrome=117.0.5938.92)
Stacktrace:
	GetHandleVerifier [0x00007FF63DEE7892+54818]
	(No symbol) [0x00007FF63DE56AC2]
	(No symbol) [0x00007FF63DD0DA3B]
	(No symbol) [0x00007FF63DCEDEE8]
	(No symbol) [0x00007FF63DD73237]
	(No symbol) [0x00007FF63DD86C6F]
	(No symbol) [0x00007FF63DD6E883]
	(No symbol) [0x00007FF63DD43691]
	(No symbol) [0x00007FF63DD448D4]
	GetHandleVerifier [0x00007FF63E24B992+3610402]
	GetHandleVerifier [0x00007FF63E2A1860+3962352]
	GetHandleVerifier [0x00007FF63E299D4F+3930847]
	GetHandleVerifier [0x00007FF63DF83646+693206]
	(No symbol) [0x00007FF63DE61628]
	(No symbol) [0x00007FF63DE5D934]
	(No symbol) [0x00007FF63DE5DA62]
	(No symbol) [0x00007FF63DE4E113]
	BaseThreadInitThunk [0x00007FFFCEB8257D+29]
	RtlUserThreadStart [0x00007FFFCFECAA68+40]
 
2023-09-28 13:49:26 root ERROR
INFO:Cannot parsing the proposal by link: https://www.otpusk.ua/hotel/10470-anita_venus_beach/1992807250231474/#/!/0/115/0/8.10.2023%C2%B13/1-3/2/!/0/1/!/!/2500-375000/!/!/!/!//uah/!/!/!/!/!/!/5/price
Message: no such window: target window already closed
from unknown error: web view not found
  (Session info: chrome=117.0.5938.92)
Stacktrace:
	GetHandleVerifier [0x00007FF63DEE7892+54818]
	(No symbol) [0x00007FF63DE56AC2]
	(No symbol) [0x00007FF63DD0DA3B]
	(No symbol) [0x00007FF63DCEDEE8]
	(No symbol) [0x00007FF63DD73237]
	(No symbol) [0x00007FF63DD86C6F]
	(No symbol) [0x00007FF63DD6E883]
	(No symbol) [0x00007FF63DD43691]
	(No symbol) [0x00007FF63DD448D4]
	GetHandleVerifier [0x00007FF63E24B992+3610402]
	GetHandleVerifier [0x00007FF63E2A1860+3962352]
	GetHandleVerifier [0x00007FF63E299D4F+3930847]
	GetHandleVerifier [0x00007FF63DF83646+693206]
	(No symbol) [0x00007FF63DE61628]
	(No symbol) [0x00007FF63DE5D934]
	(No symbol) [0x00007FF63DE5DA62]
	(No symbol) [0x00007FF63DE4E113]
	BaseThreadInitThunk [0x00007FFFCEB8257D+29]
	RtlUserThreadStart [0x00007FFFCFECAA68+40]
 
2023-09-28 13:49:26 root ERROR
INFO:Cannot parsing the proposal by link: https://www.otpusk.ua/hotel/10470-anita_venus_beach/1992807250231474/#/!/0/115/0/8.10.2023%C2%B13/1-3/2/!/0/1/!/!/2500-375000/!/!/!/!//uah/!/!/!/!/!/!/5/price
Message: no such window: target window already closed
from unknown error: web view not found
  (Session info: chrome=117.0.5938.92)
Stacktrace:
	GetHandleVerifier [0x00007FF63DEE7892+54818]
	(No symbol) [0x00007FF63DE56AC2]
	(No symbol) [0x00007FF63DD0DA3B]
	(No symbol) [0x00007FF63DCEDEE8]
	(No symbol) [0x00007FF63DD73237]
	(No symbol) [0x00007FF63DD86C6F]
	(No symbol) [0x00007FF63DD6E883]
	(No symbol) [0x00007FF63DD43691]
	(No symbol) [0x00007FF63DD448D4]
	GetHandleVerifier [0x00007FF63E24B992+3610402]
	GetHandleVerifier [0x00007FF63E2A1860+3962352]
	GetHandleVerifier [0x00007FF63E299D4F+3930847]
	GetHandleVerifier [0x00007FF63DF83646+693206]
	(No symbol) [0x00007FF63DE61628]
	(No symbol) [0x00007FF63DE5D934]
	(No symbol) [0x00007FF63DE5DA62]
	(No symbol) [0x00007FF63DE4E113]
	BaseThreadInitThunk [0x00007FFFCEB8257D+29]
	RtlUserThreadStart [0x00007FFFCFECAA68+40]
 
2023-09-28 13:49:26 root ERROR
INFO:Cannot parsing the proposal by link: https://www.otpusk.ua/hotel/10470-anita_venus_beach/1992807250231474/#/!/0/115/0/8.10.2023%C2%B13/1-3/2/!/0/1/!/!/2500-375000/!/!/!/!//uah/!/!/!/!/!/!/5/price
Message: no such window: target window already closed
from unknown error: web view not found
  (Session info: chrome=117.0.5938.92)
Stacktrace:
	GetHandleVerifier [0x00007FF63DEE7892+54818]
	(No symbol) [0x00007FF63DE56AC2]
	(No symbol) [0x00007FF63DD0DA3B]
	(No symbol) [0x00007FF63DCEDEE8]
	(No symbol) [0x00007FF63DD73237]
	(No symbol) [0x00007FF63DD86C6F]
	(No symbol) [0x00007FF63DD6E883]
	(No symbol) [0x00007FF63DD43691]
	(No symbol) [0x00007FF63DD448D4]
	GetHandleVerifier [0x00007FF63E24B992+3610402]
	GetHandleVerifier [0x00007FF63E2A1860+3962352]
	GetHandleVerifier [0x00007FF63E299D4F+3930847]
	GetHandleVerifier [0x00007FF63DF83646+693206]
	(No symbol) [0x00007FF63DE61628]
	(No symbol) [0x00007FF63DE5D934]
	(No symbol) [0x00007FF63DE5DA62]
	(No symbol) [0x00007FF63DE4E113]
	BaseThreadInitThunk [0x00007FFFCEB8257D+29]
	RtlUserThreadStart [0x00007FFFCFECAA68+40]
 
2023-09-28 13:49:26 root ERROR
INFO:Cannot parsing the proposal by link: https://www.otpusk.ua/hotel/10470-anita_venus_beach/2632812820300426/#/!/0/115/0/8.10.2023%C2%B13/1-3/2/!/0/1/!/!/2500-375000/!/!/!/!//uah/!/!/!/!/!/!/5/price
Message: no such window: target window already closed
from unknown error: web view not found
  (Session info: chrome=117.0.5938.92)
Stacktrace:
	GetHandleVerifier [0x00007FF63DEE7892+54818]
	(No symbol) [0x00007FF63DE56AC2]
	(No symbol) [0x00007FF63DD0DA3B]
	(No symbol) [0x00007FF63DCEDEE8]
	(No symbol) [0x00007FF63DD73237]
	(No symbol) [0x00007FF63DD86C6F]
	(No symbol) [0x00007FF63DD6E883]
	(No symbol) [0x00007FF63DD43691]
	(No symbol) [0x00007FF63DD448D4]
	GetHandleVerifier [0x00007FF63E24B992+3610402]
	GetHandleVerifier [0x00007FF63E2A1860+3962352]
	GetHandleVerifier [0x00007FF63E299D4F+3930847]
	GetHandleVerifier [0x00007FF63DF83646+693206]
	(No symbol) [0x00007FF63DE61628]
	(No symbol) [0x00007FF63DE5D934]
	(No symbol) [0x00007FF63DE5DA62]
	(No symbol) [0x00007FF63DE4E113]
	BaseThreadInitThunk [0x00007FFFCEB8257D+29]
	RtlUserThreadStart [0x00007FFFCFECAA68+40]
 
2023-09-28 13:49:26 root ERROR
INFO:Cannot parsing the proposal by link: https://www.otpusk.ua/hotel/10470-anita_venus_beach/3962800630433407/#/!/0/115/0/8.10.2023%C2%B13/1-3/2/!/0/1/!/!/2500-375000/!/!/!/!//uah/!/!/!/!/!/!/5/price
Message: no such window: target window already closed
from unknown error: web view not found
  (Session info: chrome=117.0.5938.92)
Stacktrace:
	GetHandleVerifier [0x00007FF63DEE7892+54818]
	(No symbol) [0x00007FF63DE56AC2]
	(No symbol) [0x00007FF63DD0DA3B]
	(No symbol) [0x00007FF63DCEDEE8]
	(No symbol) [0x00007FF63DD73237]
	(No symbol) [0x00007FF63DD86C6F]
	(No symbol) [0x00007FF63DD6E883]
	(No symbol) [0x00007FF63DD43691]
	(No symbol) [0x00007FF63DD448D4]
	GetHandleVerifier [0x00007FF63E24B992+3610402]
	GetHandleVerifier [0x00007FF63E2A1860+3962352]
	GetHandleVerifier [0x00007FF63E299D4F+3930847]
	GetHandleVerifier [0x00007FF63DF83646+693206]
	(No symbol) [0x00007FF63DE61628]
	(No symbol) [0x00007FF63DE5D934]
	(No symbol) [0x00007FF63DE5DA62]
	(No symbol) [0x00007FF63DE4E113]
	BaseThreadInitThunk [0x00007FFFCEB8257D+29]
	RtlUserThreadStart [0x00007FFFCFECAA68+40]
 
2023-09-28 13:49:26 root ERROR
INFO:Cannot parsing the proposal by link: https://www.otpusk.ua/hotel/7984-Club_Hotel_Mira/3872837570243409/#/!/0/115/0/8.10.2023%C2%B13/1-3/2/!/0/1/!/!/2500-375000/!/!/!/!//uah/!/!/!/!/!/!/5/price
Message: no such window: target window already closed
from unknown error: web view not found
  (Session info: chrome=117.0.5938.92)
Stacktrace:
	GetHandleVerifier [0x00007FF63DEE7892+54818]
	(No symbol) [0x00007FF63DE56AC2]
	(No symbol) [0x00007FF63DD0DA3B]
	(No symbol) [0x00007FF63DCEDEE8]
	(No symbol) [0x00007FF63DD73237]
	(No symbol) [0x00007FF63DD86C6F]
	(No symbol) [0x00007FF63DD6E883]
	(No symbol) [0x00007FF63DD43691]
	(No symbol) [0x00007FF63DD448D4]
	GetHandleVerifier [0x00007FF63E24B992+3610402]
	GetHandleVerifier [0x00007FF63E2A1860+3962352]
	GetHandleVerifier [0x00007FF63E299D4F+3930847]
	GetHandleVerifier [0x00007FF63DF83646+693206]
	(No symbol) [0x00007FF63DE61628]
	(No symbol) [0x00007FF63DE5D934]
	(No symbol) [0x00007FF63DE5DA62]
	(No symbol) [0x00007FF63DE4E113]
	BaseThreadInitThunk [0x00007FFFCEB8257D+29]
	RtlUserThreadStart [0x00007FFFCFECAA68+40]
 
2023-09-28 13:49:26 root ERROR
INFO:Cannot parsing the proposal by link: https://www.otpusk.ua/hotel/7984-Club_Hotel_Mira/3872837570243409/#/!/0/115/0/8.10.2023%C2%B13/1-3/2/!/0/1/!/!/2500-375000/!/!/!/!//uah/!/!/!/!/!/!/5/price
Message: no such window: target window already closed
from unknown error: web view not found
  (Session info: chrome=117.0.5938.92)
Stacktrace:
	GetHandleVerifier [0x00007FF63DEE7892+54818]
	(No symbol) [0x00007FF63DE56AC2]
	(No symbol) [0x00007FF63DD0DA3B]
	(No symbol) [0x00007FF63DCEDEE8]
	(No symbol) [0x00007FF63DD73237]
	(No symbol) [0x00007FF63DD86C6F]
	(No symbol) [0x00007FF63DD6E883]
	(No symbol) [0x00007FF63DD43691]
	(No symbol) [0x00007FF63DD448D4]
	GetHandleVerifier [0x00007FF63E24B992+3610402]
	GetHandleVerifier [0x00007FF63E2A1860+3962352]
	GetHandleVerifier [0x00007FF63E299D4F+3930847]
	GetHandleVerifier [0x00007FF63DF83646+693206]
	(No symbol) [0x00007FF63DE61628]
	(No symbol) [0x00007FF63DE5D934]
	(No symbol) [0x00007FF63DE5DA62]
	(No symbol) [0x00007FF63DE4E113]
	BaseThreadInitThunk [0x00007FFFCEB8257D+29]
	RtlUserThreadStart [0x00007FFFCFECAA68+40]
 
2023-09-28 13:49:26 root ERROR
INFO:Cannot parsing the proposal by link: https://www.otpusk.ua/hotel/7984-Club_Hotel_Mira/3872837570243409/#/!/0/115/0/8.10.2023%C2%B13/1-3/2/!/0/1/!/!/2500-375000/!/!/!/!//uah/!/!/!/!/!/!/5/price
Message: no such window: target window already closed
from unknown error: web view not found
  (Session info: chrome=117.0.5938.92)
Stacktrace:
	GetHandleVerifier [0x00007FF63DEE7892+54818]
	(No symbol) [0x00007FF63DE56AC2]
	(No symbol) [0x00007FF63DD0DA3B]
	(No symbol) [0x00007FF63DCEDEE8]
	(No symbol) [0x00007FF63DD73237]
	(No symbol) [0x00007FF63DD86C6F]
	(No symbol) [0x00007FF63DD6E883]
	(No symbol) [0x00007FF63DD43691]
	(No symbol) [0x00007FF63DD448D4]
	GetHandleVerifier [0x00007FF63E24B992+3610402]
	GetHandleVerifier [0x00007FF63E2A1860+3962352]
	GetHandleVerifier [0x00007FF63E299D4F+3930847]
	GetHandleVerifier [0x00007FF63DF83646+693206]
	(No symbol) [0x00007FF63DE61628]
	(No symbol) [0x00007FF63DE5D934]
	(No symbol) [0x00007FF63DE5DA62]
	(No symbol) [0x00007FF63DE4E113]
	BaseThreadInitThunk [0x00007FFFCEB8257D+29]
	RtlUserThreadStart [0x00007FFFCFECAA68+40]
 
2023-09-28 13:49:26 root ERROR
INFO:Cannot parsing the proposal by link: https://www.otpusk.ua/hotel/7984-Club_Hotel_Mira/5142837150394470/#/!/0/115/0/8.10.2023%C2%B13/1-3/2/!/0/1/!/!/2500-375000/!/!/!/!//uah/!/!/!/!/!/!/5/price
Message: no such window: target window already closed
from unknown error: web view not found
  (Session info: chrome=117.0.5938.92)
Stacktrace:
	GetHandleVerifier [0x00007FF63DEE7892+54818]
	(No symbol) [0x00007FF63DE56AC2]
	(No symbol) [0x00007FF63DD0DA3B]
	(No symbol) [0x00007FF63DCEDEE8]
	(No symbol) [0x00007FF63DD73237]
	(No symbol) [0x00007FF63DD86C6F]
	(No symbol) [0x00007FF63DD6E883]
	(No symbol) [0x00007FF63DD43691]
	(No symbol) [0x00007FF63DD448D4]
	GetHandleVerifier [0x00007FF63E24B992+3610402]
	GetHandleVerifier [0x00007FF63E2A1860+3962352]
	GetHandleVerifier [0x00007FF63E299D4F+3930847]
	GetHandleVerifier [0x00007FF63DF83646+693206]
	(No symbol) [0x00007FF63DE61628]
	(No symbol) [0x00007FF63DE5D934]
	(No symbol) [0x00007FF63DE5DA62]
	(No symbol) [0x00007FF63DE4E113]
	BaseThreadInitThunk [0x00007FFFCEB8257D+29]
	RtlUserThreadStart [0x00007FFFCFECAA68+40]
 
2023-09-28 13:49:26 root ERROR
INFO:Cannot parsing the proposal by link: https://www.otpusk.ua/hotel/7984-Club_Hotel_Mira/2152815670408493/#/!/0/115/0/8.10.2023%C2%B13/1-3/2/!/0/1/!/!/2500-375000/!/!/!/!//uah/!/!/!/!/!/!/5/price
Message: no such window: target window already closed
from unknown error: web view not found
  (Session info: chrome=117.0.5938.92)
Stacktrace:
	GetHandleVerifier [0x00007FF63DEE7892+54818]
	(No symbol) [0x00007FF63DE56AC2]
	(No symbol) [0x00007FF63DD0DA3B]
	(No symbol) [0x00007FF63DCEDEE8]
	(No symbol) [0x00007FF63DD73237]
	(No symbol) [0x00007FF63DD86C6F]
	(No symbol) [0x00007FF63DD6E883]
	(No symbol) [0x00007FF63DD43691]
	(No symbol) [0x00007FF63DD448D4]
	GetHandleVerifier [0x00007FF63E24B992+3610402]
	GetHandleVerifier [0x00007FF63E2A1860+3962352]
	GetHandleVerifier [0x00007FF63E299D4F+3930847]
	GetHandleVerifier [0x00007FF63DF83646+693206]
	(No symbol) [0x00007FF63DE61628]
	(No symbol) [0x00007FF63DE5D934]
	(No symbol) [0x00007FF63DE5DA62]
	(No symbol) [0x00007FF63DE4E113]
	BaseThreadInitThunk [0x00007FFFCEB8257D+29]
	RtlUserThreadStart [0x00007FFFCFECAA68+40]
 
